[    1440ms] [ERROR] Failed to load resource: the server responded with a status of 500 (Internal Server Error) @ http://localhost:3001/owner/cmmv0mfey0000ha6skanazx6m:0
[    1707ms] Error: Cannot find module './331.js'
Require stack:
- /Users/koutayamakawa/web-tools/store-app/.next/server/webpack-runtime.js
- /Users/koutayamakawa/web-tools/store-app/.next/server/app/owner/[id]/page.js
- /Users/koutayamakawa/web-tools/store-app/node_modules/next/dist/server/require.js
- /Users/koutayamakawa/web-tools/store-app/node_modules/next/dist/server/load-components.js
- /Users/koutayamakawa/web-tools/store-app/node_modules/next/dist/build/utils.js
- /Users/koutayamakawa/web-tools/store-app/node_modules/next/dist/build/swc/options.js
- /Users/koutayamakawa/web-tools/store-app/node_modules/next/dist/build/swc/index.js
- /Users/koutayamakawa/web-tools/store-app/node_modules/next/dist/build/next-config-ts/transpile-config.js
- /Users/koutayamakawa/web-tools/store-app/node_modules/next/dist/server/config.js
- /Users/koutayamakawa/web-tools/store-app/node_modules/next/dist/server/next.js
- /Users/koutayamakawa/web-tools/store-app/node_modules/next/dist/server/lib/start-server.js
    at Module._resolveFilename (node:internal/modules/cjs/loader:1455:15)
    at <unknown> (file:///Users/koutayamakawa/web-tools/store-app/node_modules/next/dist/server/require-hook.js:57:36)
    at defaultResolveImpl (node:internal/modules/cjs/loader:1065:19)
    at resolveForCJSWithHooks (node:internal/modules/cjs/loader:1070:22)
    at Module._load (node:internal/modules/cjs/loader:1241:25)
    at wrapModuleLoad (node:internal/modules/cjs/loader:255:19)
    at Module.require (node:internal/modules/cjs/loader:1555:12)
    at mod.require (file:///Users/koutayamakawa/web-tools/store-app/node_modules/next/dist/server/require-hook.js:68:28)
    at require (node:internal/modules/helpers:190:16)
    at __webpack_require__.f.require (file:///Users/koutayamakawa/web-tools/store-app/.next/server/webpack-runtime.js:190:28)
    at <unknown> (file:///Users/koutayamakawa/web-tools/store-app/.next/server/webpack-runtime.js:103:40)
    at Array.reduce (<anonymous>)
    at __webpack_require__.e (file:///Users/koutayamakawa/web-tools/store-app/.next/server/webpack-runtime.js:102:67)
    at Array.map (<anonymous>)
    at __webpack_require__.X (file:///Users/koutayamakawa/web-tools/store-app/.next/server/webpack-runtime.js:154:22)
    at <unknown> (file:///Users/koutayamakawa/web-tools/store-app/.next/server/app/owner/[id]/page.js:2:44059)
    at Object.<anonymous> (file:///Users/koutayamakawa/web-tools/store-app/.next/server/app/owner/[id]/page.js:2:44112)
    at Module._compile (node:internal/modules/cjs/loader:1811:14)
    at Module._extensions..js (node:internal/modules/cjs/loader:1951:10)
    at Module.load (node:internal/modules/cjs/loader:1532:32)
    at Module._load (node:internal/modules/cjs/loader:1334:12)
    at wrapModuleLoad (node:internal/modules/cjs/loader:255:19)
    at Module.require (node:internal/modules/cjs/loader:1555:12)
    at mod.require (file:///Users/koutayamakawa/web-tools/store-app/node_modules/next/dist/server/require-hook.js:68:28)
    at require (node:internal/modules/helpers:190:16)
    at requirePage (file:///Users/koutayamakawa/web-tools/store-app/node_modules/next/dist/server/require.js:99:80)
    at loadComponentsImpl (file:///Users/koutayamakawa/web-tools/store-app/node_modules/next/dist/server/load-components.js:132:57)
    at async DevServer.findPageComponentsImpl (file:///Users/koutayamakawa/web-tools/store-app/node_modules/next/dist/server/next-server.js:899:36)
    at async DevServer.findPageComponents (file:///Users/koutayamakawa/web-tools/store-app/node_modules/next/dist/server/dev/next-dev-server.js:706:16)
    at async DevServer.renderPageComponent (file:///Users/koutayamakawa/web-tools/store-app/node_modules/next/dist/server/base-server.js:1460:24)
    at async DevServer.renderToResponseImpl (file:///Users/koutayamakawa/web-tools/store-app/node_modules/next/dist/server/base-server.js:1514:32)
    at async DevServer.pipeImpl (file:///Users/koutayamakawa/web-tools/store-app/node_modules/next/dist/server/base-server.js:1025:25)
    at async NextNodeServer.handleCatchallRenderRequest (file:///Users/koutayamakawa/web-tools/store-app/node_modules/next/dist/server/next-server.js:393:17)
    at async DevServer.handleRequestImpl (file:///Users/koutayamakawa/web-tools/store-app/node_modules/next/dist/server/base-server.js:916:17)
    at async (file:///Users/koutayamakawa/web-tools/store-app/node_modules/next/dist/server/dev/next-dev-server.js:400:20)
    at async Span.traceAsyncFn (file:///Users/koutayamakawa/web-tools/store-app/node_modules/next/dist/trace/trace.js:157:20)
    at async DevServer.handleRequest (file:///Users/koutayamakawa/web-tools/store-app/node_modules/next/dist/server/dev/next-dev-server.js:396:24)
    at async invokeRender (file:///Users/koutayamakawa/web-tools/store-app/node_modules/next/dist/server/lib/router-server.js:240:21)
    at async handleRequest (file:///Users/koutayamakawa/web-tools/store-app/node_modules/next/dist/server/lib/router-server.js:437:24)
    at async requestHandlerImpl (file:///Users/koutayamakawa/web-tools/store-app/node_modules/next/dist/server/lib/router-server.js:485:13)
    at async Server.requestListener (file:///Users/koutayamakawa/web-tools/store-app/node_modules/next/dist/server/lib/start-server.js:226:13)
[    6316ms] [ERROR] Failed to load resource: the server responded with a status of 500 (Internal Server Error) @ http://localhost:3001/owner/cmmv0mfey0000ha6skanazx6m:0
[    6466ms] Error: Cannot find module './331.js'
Require stack:
- /Users/koutayamakawa/web-tools/store-app/.next/server/webpack-runtime.js
- /Users/koutayamakawa/web-tools/store-app/.next/server/app/owner/[id]/page.js
- /Users/koutayamakawa/web-tools/store-app/node_modules/next/dist/server/require.js
- /Users/koutayamakawa/web-tools/store-app/node_modules/next/dist/server/load-components.js
- /Users/koutayamakawa/web-tools/store-app/node_modules/next/dist/build/utils.js
- /Users/koutayamakawa/web-tools/store-app/node_modules/next/dist/build/swc/options.js
- /Users/koutayamakawa/web-tools/store-app/node_modules/next/dist/build/swc/index.js
- /Users/koutayamakawa/web-tools/store-app/node_modules/next/dist/build/next-config-ts/transpile-config.js
- /Users/koutayamakawa/web-tools/store-app/node_modules/next/dist/server/config.js
- /Users/koutayamakawa/web-tools/store-app/node_modules/next/dist/server/next.js
- /Users/koutayamakawa/web-tools/store-app/node_modules/next/dist/server/lib/start-server.js
    at Module._resolveFilename (node:internal/modules/cjs/loader:1455:15)
    at <unknown> (file:///Users/koutayamakawa/web-tools/store-app/node_modules/next/dist/server/require-hook.js:57:36)
    at defaultResolveImpl (node:internal/modules/cjs/loader:1065:19)
    at resolveForCJSWithHooks (node:internal/modules/cjs/loader:1070:22)
    at Module._load (node:internal/modules/cjs/loader:1241:25)
    at wrapModuleLoad (node:internal/modules/cjs/loader:255:19)
    at Module.require (node:internal/modules/cjs/loader:1555:12)
    at mod.require (file:///Users/koutayamakawa/web-tools/store-app/node_modules/next/dist/server/require-hook.js:68:28)
    at require (node:internal/modules/helpers:190:16)
    at __webpack_require__.f.require (file:///Users/koutayamakawa/web-tools/store-app/.next/server/webpack-runtime.js:190:28)
    at <unknown> (file:///Users/koutayamakawa/web-tools/store-app/.next/server/webpack-runtime.js:103:40)
    at Array.reduce (<anonymous>)
    at __webpack_require__.e (file:///Users/koutayamakawa/web-tools/store-app/.next/server/webpack-runtime.js:102:67)
    at Array.map (<anonymous>)
    at __webpack_require__.X (file:///Users/koutayamakawa/web-tools/store-app/.next/server/webpack-runtime.js:154:22)
    at <unknown> (file:///Users/koutayamakawa/web-tools/store-app/.next/server/app/owner/[id]/page.js:2:44059)
    at Object.<anonymous> (file:///Users/koutayamakawa/web-tools/store-app/.next/server/app/owner/[id]/page.js:2:44112)
    at Module._compile (node:internal/modules/cjs/loader:1811:14)
    at Module._extensions..js (node:internal/modules/cjs/loader:1951:10)
    at Module.load (node:internal/modules/cjs/loader:1532:32)
    at Module._load (node:internal/modules/cjs/loader:1334:12)
    at wrapModuleLoad (node:internal/modules/cjs/loader:255:19)
    at Module.require (node:internal/modules/cjs/loader:1555:12)
    at mod.require (file:///Users/koutayamakawa/web-tools/store-app/node_modules/next/dist/server/require-hook.js:68:28)
    at require (node:internal/modules/helpers:190:16)
    at requirePage (file:///Users/koutayamakawa/web-tools/store-app/node_modules/next/dist/server/require.js:99:80)
    at loadComponentsImpl (file:///Users/koutayamakawa/web-tools/store-app/node_modules/next/dist/server/load-components.js:132:57)
    at async DevServer.findPageComponentsImpl (file:///Users/koutayamakawa/web-tools/store-app/node_modules/next/dist/server/next-server.js:899:36)
    at async DevServer.findPageComponents (file:///Users/koutayamakawa/web-tools/store-app/node_modules/next/dist/server/dev/next-dev-server.js:706:16)
    at async DevServer.renderPageComponent (file:///Users/koutayamakawa/web-tools/store-app/node_modules/next/dist/server/base-server.js:1460:24)
    at async DevServer.renderToResponseImpl (file:///Users/koutayamakawa/web-tools/store-app/node_modules/next/dist/server/base-server.js:1514:32)
    at async DevServer.pipeImpl (file:///Users/koutayamakawa/web-tools/store-app/node_modules/next/dist/server/base-server.js:1025:25)
    at async NextNodeServer.handleCatchallRenderRequest (file:///Users/koutayamakawa/web-tools/store-app/node_modules/next/dist/server/next-server.js:393:17)
    at async DevServer.handleRequestImpl (file:///Users/koutayamakawa/web-tools/store-app/node_modules/next/dist/server/base-server.js:916:17)
    at async (file:///Users/koutayamakawa/web-tools/store-app/node_modules/next/dist/server/dev/next-dev-server.js:400:20)
    at async Span.traceAsyncFn (file:///Users/koutayamakawa/web-tools/store-app/node_modules/next/dist/trace/trace.js:157:20)
    at async DevServer.handleRequest (file:///Users/koutayamakawa/web-tools/store-app/node_modules/next/dist/server/dev/next-dev-server.js:396:24)
    at async invokeRender (file:///Users/koutayamakawa/web-tools/store-app/node_modules/next/dist/server/lib/router-server.js:240:21)
    at async handleRequest (file:///Users/koutayamakawa/web-tools/store-app/node_modules/next/dist/server/lib/router-server.js:437:24)
    at async requestHandlerImpl (file:///Users/koutayamakawa/web-tools/store-app/node_modules/next/dist/server/lib/router-server.js:485:13)
    at async Server.requestListener (file:///Users/koutayamakawa/web-tools/store-app/node_modules/next/dist/server/lib/start-server.js:226:13)
[   11055ms] [ERROR] WebSocket connection to 'ws://localhost:3001/_next/webpack-hmr' failed: Error in connection establishment: net::ERR_CONNECTION_REFUSED @ webpack-internal:///(pages-dir-browser)/./node_modules/next/dist/client/dev/hot-reloader/pages/websocket.js:88
[   13152ms] [ERROR] Failed to load resource: the server responded with a status of 404 (Not Found) @ http://localhost:3001/_next/static/webpack/1b47336b9b70fe69.webpack.hot-update.json:0
[   13152ms] [WARNING] [Fast Refresh] performing full reload because your application had an unrecoverable error @ webpack-internal:///(pages-dir-browser)/./node_modules/next/dist/client/dev/hot-reloader/pages/hot-reloader-pages.js:347
[   14559ms] [ERROR] Failed to load resource: the server responded with a status of 404 (Not Found) @ http://localhost:3001/_next/static/webpack/1b47336b9b70fe69.webpack.hot-update.json:0
[   14559ms] [WARNING] [Fast Refresh] performing full reload because your application had an unrecoverable error @ webpack-internal:///(pages-dir-browser)/./node_modules/next/dist/client/dev/hot-reloader/pages/hot-reloader-pages.js:347
[   15243ms] [ERROR] Failed to load resource: the server responded with a status of 404 (Not Found) @ http://localhost:3001/owner/cmmv0mfey0000ha6skanazx6m:0
