[    1288ms] [ERROR] Failed to load resource: the server responded with a status of 500 (Internal Server Error) @ http://localhost:3001/owner/cmmuzav870000tv55ei6yxib7:0
[    1607ms] Error: Cannot find module './611.js'
Require stack:
- /Users/koutayamakawa/web-tools/store-app/.next/server/webpack-runtime.js
- /Users/koutayamakawa/web-tools/store-app/.next/server/app/api/stores/route.js
- /Users/koutayamakawa/web-tools/store-app/node_modules/next/dist/server/require.js
- /Users/koutayamakawa/web-tools/store-app/node_modules/next/dist/server/load-components.js
- /Users/koutayamakawa/web-tools/store-app/node_modules/next/dist/build/utils.js
- /Users/koutayamakawa/web-tools/store-app/node_modules/next/dist/build/swc/options.js
- /Users/koutayamakawa/web-tools/store-app/node_modules/next/dist/build/swc/index.js
- /Users/koutayamakawa/web-tools/store-app/node_modules/next/dist/build/next-config-ts/transpile-config.js
- /Users/koutayamakawa/web-tools/store-app/node_modules/next/dist/server/config.js
- /Users/koutayamakawa/web-tools/store-app/node_modules/next/dist/server/next.js
- /Users/koutayamakawa/web-tools/store-app/node_modules/next/dist/server/lib/start-server.js
    at Module._resolveFilename (node:internal/modules/cjs/loader:1455:15)
    at <unknown> (file:///Users/koutayamakawa/web-tools/store-app/node_modules/next/dist/server/require-hook.js:57:36)
    at defaultResolveImpl (node:internal/modules/cjs/loader:1065:19)
    at resolveForCJSWithHooks (node:internal/modules/cjs/loader:1070:22)
    at Module._load (node:internal/modules/cjs/loader:1241:25)
    at wrapModuleLoad (node:internal/modules/cjs/loader:255:19)
    at Module.require (node:internal/modules/cjs/loader:1555:12)
    at mod.require (file:///Users/koutayamakawa/web-tools/store-app/node_modules/next/dist/server/require-hook.js:68:28)
    at require (node:internal/modules/helpers:190:16)
    at __webpack_require__.f.require (file:///Users/koutayamakawa/web-tools/store-app/.next/server/webpack-runtime.js:195:28)
    at <unknown> (file:///Users/koutayamakawa/web-tools/store-app/.next/server/webpack-runtime.js:108:40)
    at Array.reduce (<anonymous>)
    at __webpack_require__.e (file:///Users/koutayamakawa/web-tools/store-app/.next/server/webpack-runtime.js:107:67)
    at Array.map (<anonymous>)
    at __webpack_require__.X (file:///Users/koutayamakawa/web-tools/store-app/.next/server/webpack-runtime.js:159:22)
    at <unknown> (file:///Users/koutayamakawa/web-tools/store-app/.next/server/pages/_document.js:1:321)
    at Object.<anonymous> (file:///Users/koutayamakawa/web-tools/store-app/.next/server/pages/_document.js:1:366)
    at Module._compile (node:internal/modules/cjs/loader:1811:14)
    at Module._extensions..js (node:internal/modules/cjs/loader:1951:10)
    at Module.load (node:internal/modules/cjs/loader:1532:32)
    at Module._load (node:internal/modules/cjs/loader:1334:12)
    at wrapModuleLoad (node:internal/modules/cjs/loader:255:19)
    at Module.require (node:internal/modules/cjs/loader:1555:12)
    at mod.require (file:///Users/koutayamakawa/web-tools/store-app/node_modules/next/dist/server/require-hook.js:68:28)
    at require (node:internal/modules/helpers:190:16)
    at requirePage (file:///Users/koutayamakawa/web-tools/store-app/node_modules/next/dist/server/require.js:99:80)
    at loadComponentsImpl (file:///Users/koutayamakawa/web-tools/store-app/node_modules/next/dist/server/load-components.js:86:38)
    at DevServer.findPageComponentsImpl (file:///Users/koutayamakawa/web-tools/store-app/node_modules/next/dist/server/next-server.js:899:77)
    at <unknown> (file:///Users/koutayamakawa/web-tools/store-app/node_modules/next/dist/server/next-server.js:877:21)
    at <unknown> (file:///Users/koutayamakawa/web-tools/store-app/node_modules/next/dist/server/lib/trace/tracer.js:184:36)
    at NoopContextManager.with (file:///Users/koutayamakawa/web-tools/store-app/node_modules/next/dist/compiled/@opentelemetry/api/index.js:1:7062)
    at ContextAPI.with (file:///Users/koutayamakawa/web-tools/store-app/node_modules/next/dist/compiled/@opentelemetry/api/index.js:1:518)
    at NoopTracer.startActiveSpan (file:///Users/koutayamakawa/web-tools/store-app/node_modules/next/dist/compiled/@opentelemetry/api/index.js:1:18093)
    at ProxyTracer.startActiveSpan (file:///Users/koutayamakawa/web-tools/store-app/node_modules/next/dist/compiled/@opentelemetry/api/index.js:1:18854)
    at <unknown> (file:///Users/koutayamakawa/web-tools/store-app/node_modules/next/dist/server/lib/trace/tracer.js:153:103)
    at NoopContextManager.with (file:///Users/koutayamakawa/web-tools/store-app/node_modules/next/dist/compiled/@opentelemetry/api/index.js:1:7062)
    at ContextAPI.with (file:///Users/koutayamakawa/web-tools/store-app/node_modules/next/dist/compiled/@opentelemetry/api/index.js:1:518)
    at NextTracerImpl.trace (file:///Users/koutayamakawa/web-tools/store-app/node_modules/next/dist/server/lib/trace/tracer.js:153:28)
    at DevServer.findPageComponents (file:///Users/koutayamakawa/web-tools/store-app/node_modules/next/dist/server/next-server.js:872:41)
    at DevServer.findPageComponents (file:///Users/koutayamakawa/web-tools/store-app/node_modules/next/dist/server/dev/next-dev-server.js:706:28)
    at async DevServer.renderErrorToResponseImpl (file:///Users/koutayamakawa/web-tools/store-app/node_modules/next/dist/server/base-server.js:1687:26)
    at async pipe.req.req (file:///Users/koutayamakawa/web-tools/store-app/node_modules/next/dist/server/base-server.js:1610:30)
    at async DevServer.pipeImpl (file:///Users/koutayamakawa/web-tools/store-app/node_modules/next/dist/server/base-server.js:1025:25)
    at async NextNodeServer.handleCatchallRenderRequest (file:///Users/koutayamakawa/web-tools/store-app/node_modules/next/dist/server/next-server.js:408:21)
    at async DevServer.handleRequestImpl (file:///Users/koutayamakawa/web-tools/store-app/node_modules/next/dist/server/base-server.js:916:17)
    at async (file:///Users/koutayamakawa/web-tools/store-app/node_modules/next/dist/server/dev/next-dev-server.js:400:20)
    at async Span.traceAsyncFn (file:///Users/koutayamakawa/web-tools/store-app/node_modules/next/dist/trace/trace.js:157:20)
    at async DevServer.handleRequest (file:///Users/koutayamakawa/web-tools/store-app/node_modules/next/dist/server/dev/next-dev-server.js:396:24)
    at async invokeRender (file:///Users/koutayamakawa/web-tools/store-app/node_modules/next/dist/server/lib/router-server.js:240:21)
    at async handleRequest (file:///Users/koutayamakawa/web-tools/store-app/node_modules/next/dist/server/lib/router-server.js:437:24)
[    8308ms] [ERROR] WebSocket connection to 'ws://localhost:3001/_next/webpack-hmr' failed: Error in connection establishment: net::ERR_CONNECTION_REFUSED @ webpack-internal:///(pages-dir-browser)/./node_modules/next/dist/client/dev/hot-reloader/pages/websocket.js:88
[   10407ms] [ERROR] Failed to load resource: the server responded with a status of 404 (Not Found) @ http://localhost:3001/_next/static/webpack/d4093b0c89f38afe.webpack.hot-update.json:0
[   10407ms] [WARNING] [Fast Refresh] performing full reload because your application had an unrecoverable error @ webpack-internal:///(pages-dir-browser)/./node_modules/next/dist/client/dev/hot-reloader/pages/hot-reloader-pages.js:347
[   10986ms] [ERROR] Failed to load resource: the server responded with a status of 404 (Not Found) @ http://localhost:3001/_next/static/webpack/d4093b0c89f38afe.webpack.hot-update.json:0
[   10986ms] [WARNING] [Fast Refresh] performing full reload because your application had an unrecoverable error @ webpack-internal:///(pages-dir-browser)/./node_modules/next/dist/client/dev/hot-reloader/pages/hot-reloader-pages.js:347
