[     902ms] TypeError: Cannot read properties of undefined (reading 't')
    at <anonymous>:1:181
    at https://www.googletagmanager.com/gtm.js?id=GTM-PL3HH9:1050:429
    at vR (https://www.googletagmanager.com/gtm.js?id=GTM-PL3HH9:1052:31)
    at Ld.uR (https://www.googletagmanager.com/gtm.js?id=GTM-PL3HH9:1049:92)
    at Ld.<anonymous> (https://www.googletagmanager.com/gtm.js?id=GTM-PL3HH9:442:187)
    at k.apply (https://www.googletagmanager.com/gtm.js?id=GTM-PL3HH9:367:466)
    at hb (https://www.googletagmanager.com/gtm.js?id=GTM-PL3HH9:331:719)
    at gb (https://www.googletagmanager.com/gtm.js?id=GTM-PL3HH9:331:470)
    at Ld.<anonymous> (https://www.googletagmanager.com/gtm.js?id=GTM-PL3HH9:391:473)
    at k.apply (https://www.googletagmanager.com/gtm.js?id=GTM-PL3HH9:367:466)
[     903ms] Uncaught [object Object]
    at error (https://www.googletagmanager.com/gtm.js?id=GTM-PL3HH9:293:503)
    at c.l.onerror (https://www.googletagmanager.com/gtm.js?id=GTM-PL3HH9:302:160)
    at <anonymous> (https://www.googletagmanager.com/gtm.js?id=GTM-PL3HH9:1049:428)
    at vR (https://www.googletagmanager.com/gtm.js?id=GTM-PL3HH9:1051:30)
    at uR (https://www.googletagmanager.com/gtm.js?id=GTM-PL3HH9:1048:91)
    at <anonymous> (https://www.googletagmanager.com/gtm.js?id=GTM-PL3HH9:441:186)
    at k.apply (https://www.googletagmanager.com/gtm.js?id=GTM-PL3HH9:366:465)
    at hb (https://www.googletagmanager.com/gtm.js?id=GTM-PL3HH9:330:718)
    at gb (https://www.googletagmanager.com/gtm.js?id=GTM-PL3HH9:330:469)
    at <anonymous> (https://www.googletagmanager.com/gtm.js?id=GTM-PL3HH9:390:472)
    at k.apply (https://www.googletagmanager.com/gtm.js?id=GTM-PL3HH9:366:465)
    at hb (https://www.googletagmanager.com/gtm.js?id=GTM-PL3HH9:330:718)
    at k.Bq (https://www.googletagmanager.com/gtm.js?id=GTM-PL3HH9:330:1285)
    at rf (https://www.googletagmanager.com/gtm.js?id=GTM-PL3HH9:401:959)
    at <anonymous> (https://www.googletagmanager.com/gtm.js?id=GTM-PL3HH9:891:314)
    at Ag (https://www.googletagmanager.com/gtm.js?id=GTM-PL3HH9:423:12)
    at e (https://www.googletagmanager.com/gtm.js?id=GTM-PL3HH9:830:317)
    at <anonymous> (https://www.googletagmanager.com/gtm.js?id=GTM-PL3HH9:335:124)
    at <anonymous> (https://www.googletagmanager.com/gtm.js?id=GTM-PL3HH9:832:60)
    at <anonymous> (https://www.googletagmanager.com/gtm.js?id=GTM-PL3HH9:831:258)
    at iB (https://www.googletagmanager.com/gtm.js?id=GTM-PL3HH9:832:520)
    at mB (https://www.googletagmanager.com/gtm.js?id=GTM-PL3HH9:837:43)
    at FC (https://www.googletagmanager.com/gtm.js?id=GTM-PL3HH9:865:326)
    at HC (https://www.googletagmanager.com/gtm.js?id=GTM-PL3HH9:866:232)
[     909ms] [ERROR] Failed to load resource: net::ERR_CONNECTION_REFUSED @ https://yfv6m0.mil.movie/FATi8D/js/version_mil_tag?serial=1774353908890:0
[    1249ms] [WARNING] Banner or target element missing for placement: web-lava-top-mgm @ :3
[    1249ms] [WARNING] Banner or target element missing for placement: web-lava-top-restart @ :3
[    1249ms] [WARNING] Banner or target element missing for placement: web-lava-top-uchiyoga @ :3
[    1249ms] [WARNING] Banner or target element missing for placement: web-lava-top-lapre @ :3
[    1249ms] [WARNING] Banner or target element missing for placement: web-lava-top-slider-1 @ :3
[    1249ms] [WARNING] Banner or target element missing for placement: web-lava-top-slider-2 @ :3
[    1249ms] [WARNING] Banner or target element missing for placement: web-lava-top-slider-3 @ :3
[    1249ms] [WARNING] Banner or target element missing for placement: web-lava-top-slider-4 @ :3
[    1249ms] [WARNING] Banner or target element missing for placement: web-lava-top-slider-5 @ :3
[    1249ms] [WARNING] Banner or target element missing for placement: web-lava-top-slider-6 @ :3
[    1981ms] [WARNING] [TikTok Pixel] - Missing 'content_id' paramter
Issue: The 'content_id' parameter isn't being received. This is required for Video Shopping Ads (VSA).
Suggestion: Include the 'content_id' parameter in your source code. This is required for Video Shopping Ads (VSA). See https://ads.tiktok.com/help/article/standard-events-parameters?redirected=2 for more information. @ https://analytics.tiktok.com/i18n/pixel/static/main.MTEwMjY2ZTExMQ.js:0
[    1981ms] [WARNING] [TikTok Pixel] - Missing 'content_id' paramter
Issue: The 'content_id' parameter isn't being received. This is required for Video Shopping Ads (VSA).
Suggestion: Include the 'content_id' parameter in your source code. This is required for Video Shopping Ads (VSA). See https://ads.tiktok.com/help/article/standard-events-parameters?redirected=2 for more information. @ https://analytics.tiktok.com/i18n/pixel/static/main.MTEwMjY2ZTExMQ.js:0
[    1982ms] [WARNING] [TikTok Pixel] - Missing 'content_id' paramter
Issue: The 'content_id' parameter isn't being received. This is required for Video Shopping Ads (VSA).
Suggestion: Include the 'content_id' parameter in your source code. This is required for Video Shopping Ads (VSA). See https://ads.tiktok.com/help/article/standard-events-parameters?redirected=2 for more information. @ https://analytics.tiktok.com/i18n/pixel/static/main.MTEwMjY2ZTExMQ.js:0
[    2060ms] [WARNING] Braze SDK Warning: Banners can be refreshed only once per session per user. (v5.9.1) @ https://js.appboycdn.com/web-sdk/5.9/braze.no-amd.min.js:24
