[     193ms] [ERROR] Failed to load resource: the server responded with a status of 404 () @ https://b-fit.jp/online/images/icon_wh_yz.gif:0
[     509ms] [ERROR] Failed to load resource: the server responded with a status of 404 () @ https://b-fit.jp/images/bg_line.png:0
[    8980ms] [WARNING] Swiper Loop Warning: The number of slides is not enough for loop mode, it will be disabled and not function properly. You need to add more slides (or make duplicates) or lower the values of slidesPerView and slidesPerGroup parameters @ https://cramuru.zenplace.co.jp/_next/static/chunks/9352-71f2c4d187b94240.js:0
[   21710ms] [WARNING] PixelYourSite: no pixel configured. @ https://workoutcommunity.jp/online/:229
[   40233ms] ReferenceError: AOS is not defined
    at https://air.studio-yoggy.com/:1140:4
[   45281ms] [ERROR] Failed to load resource: the server responded with a status of 404 () @ https://air.studio-yoggy.com/assets/images/about-ticket.jpg:0
[  103952ms] [ERROR] Failed to load resource: the server responded with a status of 404 () @ https://air.studio-yoggy.com/assets/images/about-ticket.jpg:0
[  103998ms] ReferenceError: AOS is not defined
    at https://air.studio-yoggy.com/:1140:4
[  115435ms] [WARNING] PixelYourSite: no pixel configured. @ https://workoutcommunity.jp/online/:229
[  129812ms] TypeError: Cannot read properties of undefined (reading 't')
    at <anonymous>:1:181
    at https://www.googletagmanager.com/gtm.js?id=GTM-PL3HH9:1050:429
    at vR (https://www.googletagmanager.com/gtm.js?id=GTM-PL3HH9:1052:31)
    at Ld.uR (https://www.googletagmanager.com/gtm.js?id=GTM-PL3HH9:1049:92)
    at Ld.<anonymous> (https://www.googletagmanager.com/gtm.js?id=GTM-PL3HH9:442:187)
    at k.apply (https://www.googletagmanager.com/gtm.js?id=GTM-PL3HH9:367:466)
    at hb (https://www.googletagmanager.com/gtm.js?id=GTM-PL3HH9:331:719)
    at gb (https://www.googletagmanager.com/gtm.js?id=GTM-PL3HH9:331:470)
    at Ld.<anonymous> (https://www.googletagmanager.com/gtm.js?id=GTM-PL3HH9:391:473)
    at k.apply (https://www.googletagmanager.com/gtm.js?id=GTM-PL3HH9:367:466)
[  129831ms] [ERROR] Failed to load resource: net::ERR_CONNECTION_REFUSED @ https://yfv6m0.mil.movie/FATi8D/js/version_mil_tag?serial=1774354384037:0
[  130148ms] [WARNING] Banner or target element missing for placement: web-lava-top-mgm @ :3
[  130148ms] [WARNING] Banner or target element missing for placement: web-lava-top-restart @ :3
[  130148ms] [WARNING] Banner or target element missing for placement: web-lava-top-uchiyoga @ :3
[  130148ms] [WARNING] Banner or target element missing for placement: web-lava-top-lapre @ :3
[  130148ms] [WARNING] Banner or target element missing for placement: web-lava-top-slider-1 @ :3
[  130148ms] [WARNING] Banner or target element missing for placement: web-lava-top-slider-2 @ :3
[  130148ms] [WARNING] Banner or target element missing for placement: web-lava-top-slider-3 @ :3
[  130148ms] [WARNING] Banner or target element missing for placement: web-lava-top-slider-4 @ :3
[  130148ms] [WARNING] Banner or target element missing for placement: web-lava-top-slider-5 @ :3
[  130148ms] [WARNING] Banner or target element missing for placement: web-lava-top-slider-6 @ :3
[  130670ms] [WARNING] [TikTok Pixel] - Missing 'content_id' paramter
Issue: The 'content_id' parameter isn't being received. This is required for Video Shopping Ads (VSA).
Suggestion: Include the 'content_id' parameter in your source code. This is required for Video Shopping Ads (VSA). See https://ads.tiktok.com/help/article/standard-events-parameters?redirected=2 for more information. @ https://analytics.tiktok.com/i18n/pixel/static/main.MTEwMjY2ZTExMA.js:0
[  130671ms] [WARNING] [TikTok Pixel] - Missing 'content_id' paramter
Issue: The 'content_id' parameter isn't being received. This is required for Video Shopping Ads (VSA).
Suggestion: Include the 'content_id' parameter in your source code. This is required for Video Shopping Ads (VSA). See https://ads.tiktok.com/help/article/standard-events-parameters?redirected=2 for more information. @ https://analytics.tiktok.com/i18n/pixel/static/main.MTEwMjY2ZTExMA.js:0
[  130672ms] [WARNING] [TikTok Pixel] - Missing 'content_id' paramter
Issue: The 'content_id' parameter isn't being received. This is required for Video Shopping Ads (VSA).
Suggestion: Include the 'content_id' parameter in your source code. This is required for Video Shopping Ads (VSA). See https://ads.tiktok.com/help/article/standard-events-parameters?redirected=2 for more information. @ https://analytics.tiktok.com/i18n/pixel/static/main.MTEwMjY2ZTExMA.js:0
[  130949ms] [WARNING] Braze SDK Warning: Banners can be refreshed only once per session per user. (v5.9.1) @ https://js.appboycdn.com/web-sdk/5.9/braze.no-amd.min.js:24
