[    2249ms] TypeError: Cannot read properties of undefined (reading 't')
    at <anonymous>:1:181
    at https://www.googletagmanager.com/gtm.js?id=GTM-PL3HH9:1050:429
    at vR (https://www.googletagmanager.com/gtm.js?id=GTM-PL3HH9:1052:31)
    at Ld.uR (https://www.googletagmanager.com/gtm.js?id=GTM-PL3HH9:1049:92)
    at Ld.<anonymous> (https://www.googletagmanager.com/gtm.js?id=GTM-PL3HH9:442:187)
    at k.apply (https://www.googletagmanager.com/gtm.js?id=GTM-PL3HH9:367:466)
    at hb (https://www.googletagmanager.com/gtm.js?id=GTM-PL3HH9:331:719)
    at gb (https://www.googletagmanager.com/gtm.js?id=GTM-PL3HH9:331:470)
    at Ld.<anonymous> (https://www.googletagmanager.com/gtm.js?id=GTM-PL3HH9:391:473)
    at k.apply (https://www.googletagmanager.com/gtm.js?id=GTM-PL3HH9:367:466)
[    2259ms] [ERROR] Failed to load resource: net::ERR_CONNECTION_REFUSED @ https://yfv6m0.mil.movie/FATi8D/js/version_mil_tag?serial=1774353919917:0
[    2570ms] [WARNING] Banner or target element missing for placement: web-lava-top-mgm @ :3
[    2571ms] [WARNING] Banner or target element missing for placement: web-lava-top-restart @ :3
[    2571ms] [WARNING] Banner or target element missing for placement: web-lava-top-uchiyoga @ :3
[    2571ms] [WARNING] Banner or target element missing for placement: web-lava-top-lapre @ :3
[    2571ms] [WARNING] Banner or target element missing for placement: web-lava-top-slider-1 @ :3
[    2571ms] [WARNING] Banner or target element missing for placement: web-lava-top-slider-2 @ :3
[    2571ms] [WARNING] Banner or target element missing for placement: web-lava-top-slider-3 @ :3
[    2571ms] [WARNING] Banner or target element missing for placement: web-lava-top-slider-4 @ :3
[    2571ms] [WARNING] Banner or target element missing for placement: web-lava-top-slider-5 @ :3
[    2571ms] [WARNING] Banner or target element missing for placement: web-lava-top-slider-6 @ :3
[    2767ms] [ERROR] Failed to load resource: the server responded with a status of 503 (Service Unavailable: Back-end server is at capacity) @ https://api.primecaster.net/adlogue/api/sync/im:0
[    2812ms] [WARNING] [TikTok Pixel] - Missing 'content_id' paramter
Issue: The 'content_id' parameter isn't being received. This is required for Video Shopping Ads (VSA).
Suggestion: Include the 'content_id' parameter in your source code. This is required for Video Shopping Ads (VSA). See https://ads.tiktok.com/help/article/standard-events-parameters?redirected=2 for more information. @ https://analytics.tiktok.com/i18n/pixel/static/main.MTEwMjY2ZTExOQ.js:0
[    2813ms] [WARNING] [TikTok Pixel] - Missing 'content_id' paramter
Issue: The 'content_id' parameter isn't being received. This is required for Video Shopping Ads (VSA).
Suggestion: Include the 'content_id' parameter in your source code. This is required for Video Shopping Ads (VSA). See https://ads.tiktok.com/help/article/standard-events-parameters?redirected=2 for more information. @ https://analytics.tiktok.com/i18n/pixel/static/main.MTEwMjY2ZTExOQ.js:0
[    2813ms] [WARNING] [TikTok Pixel] - Missing 'content_id' paramter
Issue: The 'content_id' parameter isn't being received. This is required for Video Shopping Ads (VSA).
Suggestion: Include the 'content_id' parameter in your source code. This is required for Video Shopping Ads (VSA). See https://ads.tiktok.com/help/article/standard-events-parameters?redirected=2 for more information. @ https://analytics.tiktok.com/i18n/pixel/static/main.MTEwMjY2ZTExOQ.js:0
[    3372ms] [WARNING] Braze SDK Warning: Banners can be refreshed only once per session per user. (v5.9.1) @ https://js.appboycdn.com/web-sdk/5.9/braze.no-amd.min.js:24
