[     908ms] [WARNING] [Meta Pixel] - Duplicate Pixel ID: 257595841589583. @ https://connect.facebook.net/en_US/fbevents.js:175
[    2783ms] [ERROR] Attestation check for Attribution Reporting on https://www.facebook.com failed. @ https://jp.ub-speeda.com/:0
[ 4169436ms] [ERROR] Failed to load resource: the server responded with a status of 404 () @ https://prod-visitor.optemo.jp/v1/visitors/sites/initialis1/chat-setting?sessionId=77396209:0
[ 4170476ms] [ERROR] Failed to load resource: the server responded with a status of 404 () @ https://prod-visitor.optemo.jp/v1/visitors/sites/initialis1/chat-setting?sessionId=77396209:0
[ 4172511ms] [ERROR] Failed to load resource: the server responded with a status of 404 () @ https://prod-visitor.optemo.jp/v1/visitors/sites/initialis1/chat-setting?sessionId=77396209:0
[ 4176548ms] [ERROR] Failed to load resource: the server responded with a status of 404 () @ https://prod-visitor.optemo.jp/v1/visitors/sites/initialis1/chat-setting?sessionId=77396209:0
[ 4236585ms] [ERROR] Failed to load resource: the server responded with a status of 404 () @ https://prod-visitor.optemo.jp/v1/visitors/sites/initialis1/chat-setting?sessionId=77396209:0
[ 4237620ms] [ERROR] Failed to load resource: the server responded with a status of 404 () @ https://prod-visitor.optemo.jp/v1/visitors/sites/initialis1/chat-setting?sessionId=77396209:0
[ 4239657ms] [ERROR] Failed to load resource: the server responded with a status of 404 () @ https://prod-visitor.optemo.jp/v1/visitors/sites/initialis1/chat-setting?sessionId=77396209:0
[ 4243694ms] [ERROR] Failed to load resource: the server responded with a status of 404 () @ https://prod-visitor.optemo.jp/v1/visitors/sites/initialis1/chat-setting?sessionId=77396209:0
[ 4303733ms] [ERROR] Failed to load resource: the server responded with a status of 404 () @ https://prod-visitor.optemo.jp/v1/visitors/sites/initialis1/chat-setting?sessionId=77396209:0
[ 4304763ms] [ERROR] Failed to load resource: the server responded with a status of 404 () @ https://prod-visitor.optemo.jp/v1/visitors/sites/initialis1/chat-setting?sessionId=77396209:0
[ 4306800ms] [ERROR] Failed to load resource: the server responded with a status of 404 () @ https://prod-visitor.optemo.jp/v1/visitors/sites/initialis1/chat-setting?sessionId=77396209:0
[ 4310831ms] [ERROR] Failed to load resource: the server responded with a status of 404 () @ https://prod-visitor.optemo.jp/v1/visitors/sites/initialis1/chat-setting?sessionId=77396209:0
[ 4370861ms] [ERROR] Failed to load resource: the server responded with a status of 404 () @ https://prod-visitor.optemo.jp/v1/visitors/sites/initialis1/chat-setting?sessionId=77396209:0
[ 4371899ms] [ERROR] Failed to load resource: the server responded with a status of 404 () @ https://prod-visitor.optemo.jp/v1/visitors/sites/initialis1/chat-setting?sessionId=77396209:0
[ 4373932ms] [ERROR] Failed to load resource: the server responded with a status of 404 () @ https://prod-visitor.optemo.jp/v1/visitors/sites/initialis1/chat-setting?sessionId=77396209:0
[ 4377969ms] [ERROR] Failed to load resource: the server responded with a status of 404 () @ https://prod-visitor.optemo.jp/v1/visitors/sites/initialis1/chat-setting?sessionId=77396209:0
[ 4438000ms] [ERROR] Failed to load resource: the server responded with a status of 404 () @ https://prod-visitor.optemo.jp/v1/visitors/sites/initialis1/chat-setting?sessionId=77396209:0
[ 4439031ms] [ERROR] Failed to load resource: the server responded with a status of 404 () @ https://prod-visitor.optemo.jp/v1/visitors/sites/initialis1/chat-setting?sessionId=77396209:0
[ 4441066ms] [ERROR] Failed to load resource: the server responded with a status of 404 () @ https://prod-visitor.optemo.jp/v1/visitors/sites/initialis1/chat-setting?sessionId=77396209:0
[ 4445105ms] [ERROR] Failed to load resource: the server responded with a status of 404 () @ https://prod-visitor.optemo.jp/v1/visitors/sites/initialis1/chat-setting?sessionId=77396209:0
[ 4505152ms] [ERROR] Failed to load resource: the server responded with a status of 404 () @ https://prod-visitor.optemo.jp/v1/visitors/sites/initialis1/chat-setting?sessionId=77396209:0
[ 4506185ms] [ERROR] Failed to load resource: the server responded with a status of 404 () @ https://prod-visitor.optemo.jp/v1/visitors/sites/initialis1/chat-setting?sessionId=77396209:0
[ 4508216ms] [ERROR] Failed to load resource: the server responded with a status of 404 () @ https://prod-visitor.optemo.jp/v1/visitors/sites/initialis1/chat-setting?sessionId=77396209:0
[ 4512250ms] [ERROR] Failed to load resource: the server responded with a status of 404 () @ https://prod-visitor.optemo.jp/v1/visitors/sites/initialis1/chat-setting?sessionId=77396209:0
[ 4572278ms] [ERROR] Failed to load resource: the server responded with a status of 404 () @ https://prod-visitor.optemo.jp/v1/visitors/sites/initialis1/chat-setting?sessionId=77396209:0
[ 4573308ms] [ERROR] Failed to load resource: the server responded with a status of 404 () @ https://prod-visitor.optemo.jp/v1/visitors/sites/initialis1/chat-setting?sessionId=77396209:0
[ 4575343ms] [ERROR] Failed to load resource: the server responded with a status of 404 () @ https://prod-visitor.optemo.jp/v1/visitors/sites/initialis1/chat-setting?sessionId=77396209:0
[ 4579371ms] [ERROR] Failed to load resource: the server responded with a status of 404 () @ https://prod-visitor.optemo.jp/v1/visitors/sites/initialis1/chat-setting?sessionId=77396209:0
[ 4639402ms] [ERROR] Failed to load resource: the server responded with a status of 404 () @ https://prod-visitor.optemo.jp/v1/visitors/sites/initialis1/chat-setting?sessionId=77396209:0
[ 4640431ms] [ERROR] Failed to load resource: the server responded with a status of 404 () @ https://prod-visitor.optemo.jp/v1/visitors/sites/initialis1/chat-setting?sessionId=77396209:0
[ 4642466ms] [ERROR] Failed to load resource: the server responded with a status of 404 () @ https://prod-visitor.optemo.jp/v1/visitors/sites/initialis1/chat-setting?sessionId=77396209:0
[ 4646501ms] [ERROR] Failed to load resource: the server responded with a status of 404 () @ https://prod-visitor.optemo.jp/v1/visitors/sites/initialis1/chat-setting?sessionId=77396209:0
[ 4706540ms] [ERROR] Failed to load resource: the server responded with a status of 404 () @ https://prod-visitor.optemo.jp/v1/visitors/sites/initialis1/chat-setting?sessionId=77396209:0
[ 4707574ms] [ERROR] Failed to load resource: the server responded with a status of 404 () @ https://prod-visitor.optemo.jp/v1/visitors/sites/initialis1/chat-setting?sessionId=77396209:0
[ 4709611ms] [ERROR] Failed to load resource: the server responded with a status of 404 () @ https://prod-visitor.optemo.jp/v1/visitors/sites/initialis1/chat-setting?sessionId=77396209:0
[ 4713649ms] [ERROR] Failed to load resource: the server responded with a status of 404 () @ https://prod-visitor.optemo.jp/v1/visitors/sites/initialis1/chat-setting?sessionId=77396209:0
[ 4773682ms] [ERROR] Failed to load resource: the server responded with a status of 404 () @ https://prod-visitor.optemo.jp/v1/visitors/sites/initialis1/chat-setting?sessionId=77396209:0
[ 4774719ms] [ERROR] Failed to load resource: the server responded with a status of 404 () @ https://prod-visitor.optemo.jp/v1/visitors/sites/initialis1/chat-setting?sessionId=77396209:0
[ 4776757ms] [ERROR] Failed to load resource: the server responded with a status of 404 () @ https://prod-visitor.optemo.jp/v1/visitors/sites/initialis1/chat-setting?sessionId=77396209:0
[ 4780792ms] [ERROR] Failed to load resource: the server responded with a status of 404 () @ https://prod-visitor.optemo.jp/v1/visitors/sites/initialis1/chat-setting?sessionId=77396209:0
[ 4840822ms] [ERROR] Failed to load resource: the server responded with a status of 404 () @ https://prod-visitor.optemo.jp/v1/visitors/sites/initialis1/chat-setting?sessionId=77396209:0
[ 4841857ms] [ERROR] Failed to load resource: the server responded with a status of 404 () @ https://prod-visitor.optemo.jp/v1/visitors/sites/initialis1/chat-setting?sessionId=77396209:0
[ 4843892ms] [ERROR] Failed to load resource: the server responded with a status of 404 () @ https://prod-visitor.optemo.jp/v1/visitors/sites/initialis1/chat-setting?sessionId=77396209:0
[ 4847922ms] [ERROR] Failed to load resource: the server responded with a status of 404 () @ https://prod-visitor.optemo.jp/v1/visitors/sites/initialis1/chat-setting?sessionId=77396209:0
[ 4907950ms] [ERROR] Failed to load resource: the server responded with a status of 404 () @ https://prod-visitor.optemo.jp/v1/visitors/sites/initialis1/chat-setting?sessionId=77396209:0
[ 4908980ms] [ERROR] Failed to load resource: the server responded with a status of 404 () @ https://prod-visitor.optemo.jp/v1/visitors/sites/initialis1/chat-setting?sessionId=77396209:0
[ 4911012ms] [ERROR] Failed to load resource: the server responded with a status of 404 () @ https://prod-visitor.optemo.jp/v1/visitors/sites/initialis1/chat-setting?sessionId=77396209:0
[ 4915045ms] [ERROR] Failed to load resource: the server responded with a status of 404 () @ https://prod-visitor.optemo.jp/v1/visitors/sites/initialis1/chat-setting?sessionId=77396209:0
[ 4934917ms] [ERROR] Failed to load resource: the server responded with a status of 404 () @ https://prod-visitor.optemo.jp/v1/visitors/sites/initialis1/chat-setting?sessionId=77396209:0
[ 4934934ms] [ERROR] Failed to load resource: the server responded with a status of 404 () @ https://prod-visitor.optemo.jp/v1/visitors/sites/initialis1/chat-pop-setting?sessionId=77396209:0
[ 4934934ms] [ERROR] Failed to load resource: the server responded with a status of 404 () @ https://prod-visitor.optemo.jp/v1/visitors/forms/initialis1/form-agreements?sessionId=77396209:0
[ 4935954ms] [ERROR] Failed to load resource: the server responded with a status of 404 () @ https://prod-visitor.optemo.jp/v1/visitors/sites/initialis1/chat-setting?sessionId=77396209:0
[ 4935957ms] [ERROR] Failed to load resource: the server responded with a status of 404 () @ https://prod-visitor.optemo.jp/v1/visitors/forms/initialis1/form-agreements?sessionId=77396209:0
[ 4935958ms] [ERROR] Failed to load resource: the server responded with a status of 404 () @ https://prod-visitor.optemo.jp/v1/visitors/sites/initialis1/chat-pop-setting?sessionId=77396209:0
[ 4937984ms] [ERROR] Failed to load resource: the server responded with a status of 404 () @ https://prod-visitor.optemo.jp/v1/visitors/sites/initialis1/chat-setting?sessionId=77396209:0
[ 4937985ms] [ERROR] Failed to load resource: the server responded with a status of 404 () @ https://prod-visitor.optemo.jp/v1/visitors/forms/initialis1/form-agreements?sessionId=77396209:0
[ 4937987ms] [ERROR] Failed to load resource: the server responded with a status of 404 () @ https://prod-visitor.optemo.jp/v1/visitors/sites/initialis1/chat-pop-setting?sessionId=77396209:0
[ 4942017ms] [ERROR] Failed to load resource: the server responded with a status of 404 () @ https://prod-visitor.optemo.jp/v1/visitors/forms/initialis1/form-agreements?sessionId=77396209:0
[ 4942019ms] [ERROR] Failed to load resource: the server responded with a status of 404 () @ https://prod-visitor.optemo.jp/v1/visitors/sites/initialis1/chat-setting?sessionId=77396209:0
[ 4942022ms] [ERROR] Failed to load resource: the server responded with a status of 404 () @ https://prod-visitor.optemo.jp/v1/visitors/sites/initialis1/chat-pop-setting?sessionId=77396209:0
[ 5002047ms] [ERROR] Failed to load resource: the server responded with a status of 404 () @ https://prod-visitor.optemo.jp/v1/visitors/sites/initialis1/chat-setting?sessionId=77396209:0
[ 5003074ms] [ERROR] Failed to load resource: the server responded with a status of 404 () @ https://prod-visitor.optemo.jp/v1/visitors/sites/initialis1/chat-setting?sessionId=77396209:0
[ 5005107ms] [ERROR] Failed to load resource: the server responded with a status of 404 () @ https://prod-visitor.optemo.jp/v1/visitors/sites/initialis1/chat-setting?sessionId=77396209:0
[ 5009139ms] [ERROR] Failed to load resource: the server responded with a status of 404 () @ https://prod-visitor.optemo.jp/v1/visitors/sites/initialis1/chat-setting?sessionId=77396209:0
[ 5069166ms] [ERROR] Failed to load resource: the server responded with a status of 404 () @ https://prod-visitor.optemo.jp/v1/visitors/sites/initialis1/chat-setting?sessionId=77396209:0
[ 5070198ms] [ERROR] Failed to load resource: the server responded with a status of 404 () @ https://prod-visitor.optemo.jp/v1/visitors/sites/initialis1/chat-setting?sessionId=77396209:0
[ 5072224ms] [ERROR] Failed to load resource: the server responded with a status of 404 () @ https://prod-visitor.optemo.jp/v1/visitors/sites/initialis1/chat-setting?sessionId=77396209:0
[ 5076256ms] [ERROR] Failed to load resource: the server responded with a status of 404 () @ https://prod-visitor.optemo.jp/v1/visitors/sites/initialis1/chat-setting?sessionId=77396209:0
[ 5136289ms] [ERROR] Failed to load resource: the server responded with a status of 404 () @ https://prod-visitor.optemo.jp/v1/visitors/sites/initialis1/chat-setting?sessionId=77396209:0
[ 5137317ms] [ERROR] Failed to load resource: the server responded with a status of 404 () @ https://prod-visitor.optemo.jp/v1/visitors/sites/initialis1/chat-setting?sessionId=77396209:0
[ 5139346ms] [ERROR] Failed to load resource: the server responded with a status of 404 () @ https://prod-visitor.optemo.jp/v1/visitors/sites/initialis1/chat-setting?sessionId=77396209:0
[ 5143374ms] [ERROR] Failed to load resource: the server responded with a status of 404 () @ https://prod-visitor.optemo.jp/v1/visitors/sites/initialis1/chat-setting?sessionId=77396209:0
[ 5203404ms] [ERROR] Failed to load resource: the server responded with a status of 404 () @ https://prod-visitor.optemo.jp/v1/visitors/sites/initialis1/chat-setting?sessionId=77396209:0
[ 5204432ms] [ERROR] Failed to load resource: the server responded with a status of 404 () @ https://prod-visitor.optemo.jp/v1/visitors/sites/initialis1/chat-setting?sessionId=77396209:0
[ 5206464ms] [ERROR] Failed to load resource: the server responded with a status of 404 () @ https://prod-visitor.optemo.jp/v1/visitors/sites/initialis1/chat-setting?sessionId=77396209:0
[ 5210492ms] [ERROR] Failed to load resource: the server responded with a status of 404 () @ https://prod-visitor.optemo.jp/v1/visitors/sites/initialis1/chat-setting?sessionId=77396209:0
[ 5270525ms] [ERROR] Failed to load resource: the server responded with a status of 404 () @ https://prod-visitor.optemo.jp/v1/visitors/sites/initialis1/chat-setting?sessionId=77396209:0
[ 5271555ms] [ERROR] Failed to load resource: the server responded with a status of 404 () @ https://prod-visitor.optemo.jp/v1/visitors/sites/initialis1/chat-setting?sessionId=77396209:0
[ 5273588ms] [ERROR] Failed to load resource: the server responded with a status of 404 () @ https://prod-visitor.optemo.jp/v1/visitors/sites/initialis1/chat-setting?sessionId=77396209:0
[ 5277618ms] [ERROR] Failed to load resource: the server responded with a status of 404 () @ https://prod-visitor.optemo.jp/v1/visitors/sites/initialis1/chat-setting?sessionId=77396209:0
[ 5337652ms] [ERROR] Failed to load resource: the server responded with a status of 404 () @ https://prod-visitor.optemo.jp/v1/visitors/sites/initialis1/chat-setting?sessionId=77396209:0
[ 5338686ms] [ERROR] Failed to load resource: the server responded with a status of 404 () @ https://prod-visitor.optemo.jp/v1/visitors/sites/initialis1/chat-setting?sessionId=77396209:0
[ 5340716ms] [ERROR] Failed to load resource: the server responded with a status of 404 () @ https://prod-visitor.optemo.jp/v1/visitors/sites/initialis1/chat-setting?sessionId=77396209:0
[ 5344749ms] [ERROR] Failed to load resource: the server responded with a status of 404 () @ https://prod-visitor.optemo.jp/v1/visitors/sites/initialis1/chat-setting?sessionId=77396209:0
[ 5404783ms] [ERROR] Failed to load resource: the server responded with a status of 404 () @ https://prod-visitor.optemo.jp/v1/visitors/sites/initialis1/chat-setting?sessionId=77396209:0
[ 5405811ms] [ERROR] Failed to load resource: the server responded with a status of 404 () @ https://prod-visitor.optemo.jp/v1/visitors/sites/initialis1/chat-setting?sessionId=77396209:0
[ 5407839ms] [ERROR] Failed to load resource: the server responded with a status of 404 () @ https://prod-visitor.optemo.jp/v1/visitors/sites/initialis1/chat-setting?sessionId=77396209:0
[ 5411867ms] [ERROR] Failed to load resource: the server responded with a status of 404 () @ https://prod-visitor.optemo.jp/v1/visitors/sites/initialis1/chat-setting?sessionId=77396209:0
[ 5471900ms] [ERROR] Failed to load resource: the server responded with a status of 404 () @ https://prod-visitor.optemo.jp/v1/visitors/sites/initialis1/chat-setting?sessionId=77396209:0
[ 5472932ms] [ERROR] Failed to load resource: the server responded with a status of 404 () @ https://prod-visitor.optemo.jp/v1/visitors/sites/initialis1/chat-setting?sessionId=77396209:0
[ 5474962ms] [ERROR] Failed to load resource: the server responded with a status of 404 () @ https://prod-visitor.optemo.jp/v1/visitors/sites/initialis1/chat-setting?sessionId=77396209:0
[ 5478991ms] [ERROR] Failed to load resource: the server responded with a status of 404 () @ https://prod-visitor.optemo.jp/v1/visitors/sites/initialis1/chat-setting?sessionId=77396209:0
[ 5539024ms] [ERROR] Failed to load resource: the server responded with a status of 404 () @ https://prod-visitor.optemo.jp/v1/visitors/sites/initialis1/chat-setting?sessionId=77396209:0
[ 5540053ms] [ERROR] Failed to load resource: the server responded with a status of 404 () @ https://prod-visitor.optemo.jp/v1/visitors/sites/initialis1/chat-setting?sessionId=77396209:0
[ 5542082ms] [ERROR] Failed to load resource: the server responded with a status of 404 () @ https://prod-visitor.optemo.jp/v1/visitors/sites/initialis1/chat-setting?sessionId=77396209:0
[ 5546111ms] [ERROR] Failed to load resource: the server responded with a status of 404 () @ https://prod-visitor.optemo.jp/v1/visitors/sites/initialis1/chat-setting?sessionId=77396209:0
[ 5606142ms] [ERROR] Failed to load resource: the server responded with a status of 404 () @ https://prod-visitor.optemo.jp/v1/visitors/sites/initialis1/chat-setting?sessionId=77396209:0
[ 5607170ms] [ERROR] Failed to load resource: the server responded with a status of 404 () @ https://prod-visitor.optemo.jp/v1/visitors/sites/initialis1/chat-setting?sessionId=77396209:0
[ 5609202ms] [ERROR] Failed to load resource: the server responded with a status of 404 () @ https://prod-visitor.optemo.jp/v1/visitors/sites/initialis1/chat-setting?sessionId=77396209:0
[ 5613239ms] [ERROR] Failed to load resource: the server responded with a status of 404 () @ https://prod-visitor.optemo.jp/v1/visitors/sites/initialis1/chat-setting?sessionId=77396209:0
[ 5673275ms] [ERROR] Failed to load resource: the server responded with a status of 404 () @ https://prod-visitor.optemo.jp/v1/visitors/sites/initialis1/chat-setting?sessionId=77396209:0
[ 5674310ms] [ERROR] Failed to load resource: the server responded with a status of 404 () @ https://prod-visitor.optemo.jp/v1/visitors/sites/initialis1/chat-setting?sessionId=77396209:0
[ 5676346ms] [ERROR] Failed to load resource: the server responded with a status of 404 () @ https://prod-visitor.optemo.jp/v1/visitors/sites/initialis1/chat-setting?sessionId=77396209:0
[ 5680380ms] [ERROR] Failed to load resource: the server responded with a status of 404 () @ https://prod-visitor.optemo.jp/v1/visitors/sites/initialis1/chat-setting?sessionId=77396209:0
[ 5740419ms] [ERROR] Failed to load resource: the server responded with a status of 404 () @ https://prod-visitor.optemo.jp/v1/visitors/sites/initialis1/chat-setting?sessionId=77396209:0
[ 5741456ms] [ERROR] Failed to load resource: the server responded with a status of 404 () @ https://prod-visitor.optemo.jp/v1/visitors/sites/initialis1/chat-setting?sessionId=77396209:0
[ 5743494ms] [ERROR] Failed to load resource: the server responded with a status of 404 () @ https://prod-visitor.optemo.jp/v1/visitors/sites/initialis1/chat-setting?sessionId=77396209:0
[ 5747522ms] [ERROR] Failed to load resource: the server responded with a status of 404 () @ https://prod-visitor.optemo.jp/v1/visitors/sites/initialis1/chat-setting?sessionId=77396209:0
[ 5807549ms] [ERROR] Failed to load resource: the server responded with a status of 404 () @ https://prod-visitor.optemo.jp/v1/visitors/sites/initialis1/chat-setting?sessionId=77396209:0
[ 5808580ms] [ERROR] Failed to load resource: the server responded with a status of 404 () @ https://prod-visitor.optemo.jp/v1/visitors/sites/initialis1/chat-setting?sessionId=77396209:0
[ 5810611ms] [ERROR] Failed to load resource: the server responded with a status of 404 () @ https://prod-visitor.optemo.jp/v1/visitors/sites/initialis1/chat-setting?sessionId=77396209:0
[ 5814643ms] [ERROR] Failed to load resource: the server responded with a status of 404 () @ https://prod-visitor.optemo.jp/v1/visitors/sites/initialis1/chat-setting?sessionId=77396209:0
[ 5874673ms] [ERROR] Failed to load resource: the server responded with a status of 404 () @ https://prod-visitor.optemo.jp/v1/visitors/sites/initialis1/chat-setting?sessionId=77396209:0
[ 5875706ms] [ERROR] Failed to load resource: the server responded with a status of 404 () @ https://prod-visitor.optemo.jp/v1/visitors/sites/initialis1/chat-setting?sessionId=77396209:0
[ 5877742ms] [ERROR] Failed to load resource: the server responded with a status of 404 () @ https://prod-visitor.optemo.jp/v1/visitors/sites/initialis1/chat-setting?sessionId=77396209:0
[ 5881769ms] [ERROR] Failed to load resource: the server responded with a status of 404 () @ https://prod-visitor.optemo.jp/v1/visitors/sites/initialis1/chat-setting?sessionId=77396209:0
[ 5941800ms] [ERROR] Failed to load resource: the server responded with a status of 404 () @ https://prod-visitor.optemo.jp/v1/visitors/sites/initialis1/chat-setting?sessionId=77396209:0
[ 5942831ms] [ERROR] Failed to load resource: the server responded with a status of 404 () @ https://prod-visitor.optemo.jp/v1/visitors/sites/initialis1/chat-setting?sessionId=77396209:0
[ 5944865ms] [ERROR] Failed to load resource: the server responded with a status of 404 () @ https://prod-visitor.optemo.jp/v1/visitors/sites/initialis1/chat-setting?sessionId=77396209:0
[ 5948897ms] [ERROR] Failed to load resource: the server responded with a status of 404 () @ https://prod-visitor.optemo.jp/v1/visitors/sites/initialis1/chat-setting?sessionId=77396209:0
[ 6008928ms] [ERROR] Failed to load resource: the server responded with a status of 404 () @ https://prod-visitor.optemo.jp/v1/visitors/sites/initialis1/chat-setting?sessionId=77396209:0
[ 6009957ms] [ERROR] Failed to load resource: the server responded with a status of 404 () @ https://prod-visitor.optemo.jp/v1/visitors/sites/initialis1/chat-setting?sessionId=77396209:0
[ 6011986ms] [ERROR] Failed to load resource: the server responded with a status of 404 () @ https://prod-visitor.optemo.jp/v1/visitors/sites/initialis1/chat-setting?sessionId=77396209:0
[ 6016019ms] [ERROR] Failed to load resource: the server responded with a status of 404 () @ https://prod-visitor.optemo.jp/v1/visitors/sites/initialis1/chat-setting?sessionId=77396209:0
[ 6076052ms] [ERROR] Failed to load resource: the server responded with a status of 404 () @ https://prod-visitor.optemo.jp/v1/visitors/sites/initialis1/chat-setting?sessionId=77396209:0
[ 6077083ms] [ERROR] Failed to load resource: the server responded with a status of 404 () @ https://prod-visitor.optemo.jp/v1/visitors/sites/initialis1/chat-setting?sessionId=77396209:0
[ 6079114ms] [ERROR] Failed to load resource: the server responded with a status of 404 () @ https://prod-visitor.optemo.jp/v1/visitors/sites/initialis1/chat-setting?sessionId=77396209:0
[ 6083149ms] [ERROR] Failed to load resource: the server responded with a status of 404 () @ https://prod-visitor.optemo.jp/v1/visitors/sites/initialis1/chat-setting?sessionId=77396209:0
[ 6143183ms] [ERROR] Failed to load resource: the server responded with a status of 404 () @ https://prod-visitor.optemo.jp/v1/visitors/sites/initialis1/chat-setting?sessionId=77396209:0
[ 6144224ms] [ERROR] Failed to load resource: the server responded with a status of 404 () @ https://prod-visitor.optemo.jp/v1/visitors/sites/initialis1/chat-setting?sessionId=77396209:0
[ 6146260ms] [ERROR] Failed to load resource: the server responded with a status of 404 () @ https://prod-visitor.optemo.jp/v1/visitors/sites/initialis1/chat-setting?sessionId=77396209:0
[ 6150293ms] [ERROR] Failed to load resource: the server responded with a status of 404 () @ https://prod-visitor.optemo.jp/v1/visitors/sites/initialis1/chat-setting?sessionId=77396209:0
[ 6210327ms] [ERROR] Failed to load resource: the server responded with a status of 404 () @ https://prod-visitor.optemo.jp/v1/visitors/sites/initialis1/chat-setting?sessionId=77396209:0
[ 6211364ms] [ERROR] Failed to load resource: the server responded with a status of 404 () @ https://prod-visitor.optemo.jp/v1/visitors/sites/initialis1/chat-setting?sessionId=77396209:0
[ 6213396ms] [ERROR] Failed to load resource: the server responded with a status of 404 () @ https://prod-visitor.optemo.jp/v1/visitors/sites/initialis1/chat-setting?sessionId=77396209:0
[ 6217433ms] [ERROR] Failed to load resource: the server responded with a status of 404 () @ https://prod-visitor.optemo.jp/v1/visitors/sites/initialis1/chat-setting?sessionId=77396209:0
[ 6277472ms] [ERROR] Failed to load resource: the server responded with a status of 404 () @ https://prod-visitor.optemo.jp/v1/visitors/sites/initialis1/chat-setting?sessionId=77396209:0
[ 6278500ms] [ERROR] Failed to load resource: the server responded with a status of 404 () @ https://prod-visitor.optemo.jp/v1/visitors/sites/initialis1/chat-setting?sessionId=77396209:0
[ 6280531ms] [ERROR] Failed to load resource: the server responded with a status of 404 () @ https://prod-visitor.optemo.jp/v1/visitors/sites/initialis1/chat-setting?sessionId=77396209:0
[ 6284570ms] [ERROR] Failed to load resource: the server responded with a status of 404 () @ https://prod-visitor.optemo.jp/v1/visitors/sites/initialis1/chat-setting?sessionId=77396209:0
[ 6344608ms] [ERROR] Failed to load resource: the server responded with a status of 404 () @ https://prod-visitor.optemo.jp/v1/visitors/sites/initialis1/chat-setting?sessionId=77396209:0
[ 6345643ms] [ERROR] Failed to load resource: the server responded with a status of 404 () @ https://prod-visitor.optemo.jp/v1/visitors/sites/initialis1/chat-setting?sessionId=77396209:0
[ 6347676ms] [ERROR] Failed to load resource: the server responded with a status of 404 () @ https://prod-visitor.optemo.jp/v1/visitors/sites/initialis1/chat-setting?sessionId=77396209:0
[ 6351712ms] [ERROR] Failed to load resource: the server responded with a status of 404 () @ https://prod-visitor.optemo.jp/v1/visitors/sites/initialis1/chat-setting?sessionId=77396209:0
[ 6411748ms] [ERROR] Failed to load resource: the server responded with a status of 404 () @ https://prod-visitor.optemo.jp/v1/visitors/sites/initialis1/chat-setting?sessionId=77396209:0
[ 6412784ms] [ERROR] Failed to load resource: the server responded with a status of 404 () @ https://prod-visitor.optemo.jp/v1/visitors/sites/initialis1/chat-setting?sessionId=77396209:0
[ 6414816ms] [ERROR] Failed to load resource: the server responded with a status of 404 () @ https://prod-visitor.optemo.jp/v1/visitors/sites/initialis1/chat-setting?sessionId=77396209:0
[ 6418856ms] [ERROR] Failed to load resource: the server responded with a status of 404 () @ https://prod-visitor.optemo.jp/v1/visitors/sites/initialis1/chat-setting?sessionId=77396209:0
[ 6478891ms] [ERROR] Failed to load resource: the server responded with a status of 404 () @ https://prod-visitor.optemo.jp/v1/visitors/sites/initialis1/chat-setting?sessionId=77396209:0
[ 6479931ms] [ERROR] Failed to load resource: the server responded with a status of 404 () @ https://prod-visitor.optemo.jp/v1/visitors/sites/initialis1/chat-setting?sessionId=77396209:0
[ 6481966ms] [ERROR] Failed to load resource: the server responded with a status of 404 () @ https://prod-visitor.optemo.jp/v1/visitors/sites/initialis1/chat-setting?sessionId=77396209:0
[ 6486006ms] [ERROR] Failed to load resource: the server responded with a status of 404 () @ https://prod-visitor.optemo.jp/v1/visitors/sites/initialis1/chat-setting?sessionId=77396209:0
[ 6546032ms] [ERROR] Failed to load resource: the server responded with a status of 404 () @ https://prod-visitor.optemo.jp/v1/visitors/sites/initialis1/chat-setting?sessionId=77396209:0
[ 6547064ms] [ERROR] Failed to load resource: the server responded with a status of 404 () @ https://prod-visitor.optemo.jp/v1/visitors/sites/initialis1/chat-setting?sessionId=77396209:0
[ 6549096ms] [ERROR] Failed to load resource: the server responded with a status of 404 () @ https://prod-visitor.optemo.jp/v1/visitors/sites/initialis1/chat-setting?sessionId=77396209:0
[ 6553125ms] [ERROR] Failed to load resource: the server responded with a status of 404 () @ https://prod-visitor.optemo.jp/v1/visitors/sites/initialis1/chat-setting?sessionId=77396209:0
[ 6613159ms] [ERROR] Failed to load resource: the server responded with a status of 404 () @ https://prod-visitor.optemo.jp/v1/visitors/sites/initialis1/chat-setting?sessionId=77396209:0
[ 6614197ms] [ERROR] Failed to load resource: the server responded with a status of 404 () @ https://prod-visitor.optemo.jp/v1/visitors/sites/initialis1/chat-setting?sessionId=77396209:0
[ 6616236ms] [ERROR] Failed to load resource: the server responded with a status of 404 () @ https://prod-visitor.optemo.jp/v1/visitors/sites/initialis1/chat-setting?sessionId=77396209:0
[ 6620270ms] [ERROR] Failed to load resource: the server responded with a status of 404 () @ https://prod-visitor.optemo.jp/v1/visitors/sites/initialis1/chat-setting?sessionId=77396209:0
[ 6680305ms] [ERROR] Failed to load resource: the server responded with a status of 404 () @ https://prod-visitor.optemo.jp/v1/visitors/sites/initialis1/chat-setting?sessionId=77396209:0
[ 6681334ms] [ERROR] Failed to load resource: the server responded with a status of 404 () @ https://prod-visitor.optemo.jp/v1/visitors/sites/initialis1/chat-setting?sessionId=77396209:0
[ 6683368ms] [ERROR] Failed to load resource: the server responded with a status of 404 () @ https://prod-visitor.optemo.jp/v1/visitors/sites/initialis1/chat-setting?sessionId=77396209:0
[ 6687401ms] [ERROR] Failed to load resource: the server responded with a status of 404 () @ https://prod-visitor.optemo.jp/v1/visitors/sites/initialis1/chat-setting?sessionId=77396209:0
[ 6747440ms] [ERROR] Failed to load resource: the server responded with a status of 404 () @ https://prod-visitor.optemo.jp/v1/visitors/sites/initialis1/chat-setting?sessionId=77396209:0
[ 6748478ms] [ERROR] Failed to load resource: the server responded with a status of 404 () @ https://prod-visitor.optemo.jp/v1/visitors/sites/initialis1/chat-setting?sessionId=77396209:0
[ 6750512ms] [ERROR] Failed to load resource: the server responded with a status of 404 () @ https://prod-visitor.optemo.jp/v1/visitors/sites/initialis1/chat-setting?sessionId=77396209:0
[ 6754546ms] [ERROR] Failed to load resource: the server responded with a status of 404 () @ https://prod-visitor.optemo.jp/v1/visitors/sites/initialis1/chat-setting?sessionId=77396209:0
[ 6814581ms] [ERROR] Failed to load resource: the server responded with a status of 404 () @ https://prod-visitor.optemo.jp/v1/visitors/sites/initialis1/chat-setting?sessionId=77396209:0
[ 6815610ms] [ERROR] Failed to load resource: the server responded with a status of 404 () @ https://prod-visitor.optemo.jp/v1/visitors/sites/initialis1/chat-setting?sessionId=77396209:0
[ 6817648ms] [ERROR] Failed to load resource: the server responded with a status of 404 () @ https://prod-visitor.optemo.jp/v1/visitors/sites/initialis1/chat-setting?sessionId=77396209:0
[ 6821678ms] [ERROR] Failed to load resource: the server responded with a status of 404 () @ https://prod-visitor.optemo.jp/v1/visitors/sites/initialis1/chat-setting?sessionId=77396209:0
[ 6881717ms] [ERROR] Failed to load resource: the server responded with a status of 404 () @ https://prod-visitor.optemo.jp/v1/visitors/sites/initialis1/chat-setting?sessionId=77396209:0
[ 6882754ms] [ERROR] Failed to load resource: the server responded with a status of 404 () @ https://prod-visitor.optemo.jp/v1/visitors/sites/initialis1/chat-setting?sessionId=77396209:0
[ 6884789ms] [ERROR] Failed to load resource: the server responded with a status of 404 () @ https://prod-visitor.optemo.jp/v1/visitors/sites/initialis1/chat-setting?sessionId=77396209:0
[ 6888815ms] [ERROR] Failed to load resource: the server responded with a status of 404 () @ https://prod-visitor.optemo.jp/v1/visitors/sites/initialis1/chat-setting?sessionId=77396209:0
[ 6948854ms] [ERROR] Failed to load resource: the server responded with a status of 404 () @ https://prod-visitor.optemo.jp/v1/visitors/sites/initialis1/chat-setting?sessionId=77396209:0
[ 6949885ms] [ERROR] Failed to load resource: the server responded with a status of 404 () @ https://prod-visitor.optemo.jp/v1/visitors/sites/initialis1/chat-setting?sessionId=77396209:0
[ 6951917ms] [ERROR] Failed to load resource: the server responded with a status of 404 () @ https://prod-visitor.optemo.jp/v1/visitors/sites/initialis1/chat-setting?sessionId=77396209:0
[ 6955953ms] [ERROR] Failed to load resource: the server responded with a status of 404 () @ https://prod-visitor.optemo.jp/v1/visitors/sites/initialis1/chat-setting?sessionId=77396209:0
[ 7015987ms] [ERROR] Failed to load resource: the server responded with a status of 404 () @ https://prod-visitor.optemo.jp/v1/visitors/sites/initialis1/chat-setting?sessionId=77396209:0
[ 7017026ms] [ERROR] Failed to load resource: the server responded with a status of 404 () @ https://prod-visitor.optemo.jp/v1/visitors/sites/initialis1/chat-setting?sessionId=77396209:0
[ 7019058ms] [ERROR] Failed to load resource: the server responded with a status of 404 () @ https://prod-visitor.optemo.jp/v1/visitors/sites/initialis1/chat-setting?sessionId=77396209:0
[ 7023090ms] [ERROR] Failed to load resource: the server responded with a status of 404 () @ https://prod-visitor.optemo.jp/v1/visitors/sites/initialis1/chat-setting?sessionId=77396209:0
[ 7083129ms] [ERROR] Failed to load resource: the server responded with a status of 404 () @ https://prod-visitor.optemo.jp/v1/visitors/sites/initialis1/chat-setting?sessionId=77396209:0
[ 7084168ms] [ERROR] Failed to load resource: the server responded with a status of 404 () @ https://prod-visitor.optemo.jp/v1/visitors/sites/initialis1/chat-setting?sessionId=77396209:0
[ 7086214ms] [ERROR] Failed to load resource: the server responded with a status of 404 () @ https://prod-visitor.optemo.jp/v1/visitors/sites/initialis1/chat-setting?sessionId=77396209:0
[ 7090241ms] [ERROR] Failed to load resource: the server responded with a status of 404 () @ https://prod-visitor.optemo.jp/v1/visitors/sites/initialis1/chat-setting?sessionId=77396209:0
[ 7150278ms] [ERROR] Failed to load resource: the server responded with a status of 404 () @ https://prod-visitor.optemo.jp/v1/visitors/sites/initialis1/chat-setting?sessionId=77396209:0
[ 7151313ms] [ERROR] Failed to load resource: the server responded with a status of 404 () @ https://prod-visitor.optemo.jp/v1/visitors/sites/initialis1/chat-setting?sessionId=77396209:0
[ 7153348ms] [ERROR] Failed to load resource: the server responded with a status of 404 () @ https://prod-visitor.optemo.jp/v1/visitors/sites/initialis1/chat-setting?sessionId=77396209:0
[ 7157386ms] [ERROR] Failed to load resource: the server responded with a status of 404 () @ https://prod-visitor.optemo.jp/v1/visitors/sites/initialis1/chat-setting?sessionId=77396209:0
[ 7217424ms] [ERROR] Failed to load resource: the server responded with a status of 404 () @ https://prod-visitor.optemo.jp/v1/visitors/sites/initialis1/chat-setting?sessionId=77396209:0
[ 7218488ms] [ERROR] Failed to load resource: the server responded with a status of 404 () @ https://prod-visitor.optemo.jp/v1/visitors/sites/initialis1/chat-setting?sessionId=77396209:0
[ 7220519ms] [ERROR] Failed to load resource: the server responded with a status of 404 () @ https://prod-visitor.optemo.jp/v1/visitors/sites/initialis1/chat-setting?sessionId=77396209:0
[ 7224550ms] [ERROR] Failed to load resource: the server responded with a status of 404 () @ https://prod-visitor.optemo.jp/v1/visitors/sites/initialis1/chat-setting?sessionId=77396209:0
[ 7284604ms] [ERROR] Failed to load resource: the server responded with a status of 404 () @ https://prod-visitor.optemo.jp/v1/visitors/sites/initialis1/chat-setting?sessionId=77396209:0
[ 7285633ms] [ERROR] Failed to load resource: the server responded with a status of 404 () @ https://prod-visitor.optemo.jp/v1/visitors/sites/initialis1/chat-setting?sessionId=77396209:0
[ 7287669ms] [ERROR] Failed to load resource: the server responded with a status of 404 () @ https://prod-visitor.optemo.jp/v1/visitors/sites/initialis1/chat-setting?sessionId=77396209:0
[ 7291706ms] [ERROR] Failed to load resource: the server responded with a status of 404 () @ https://prod-visitor.optemo.jp/v1/visitors/sites/initialis1/chat-setting?sessionId=77396209:0
[ 7351740ms] [ERROR] Failed to load resource: the server responded with a status of 404 () @ https://prod-visitor.optemo.jp/v1/visitors/sites/initialis1/chat-setting?sessionId=77396209:0
[ 7352776ms] [ERROR] Failed to load resource: the server responded with a status of 404 () @ https://prod-visitor.optemo.jp/v1/visitors/sites/initialis1/chat-setting?sessionId=77396209:0
[ 7354810ms] [ERROR] Failed to load resource: the server responded with a status of 404 () @ https://prod-visitor.optemo.jp/v1/visitors/sites/initialis1/chat-setting?sessionId=77396209:0
[ 7358844ms] [ERROR] Failed to load resource: the server responded with a status of 404 () @ https://prod-visitor.optemo.jp/v1/visitors/sites/initialis1/chat-setting?sessionId=77396209:0
[ 7418882ms] [ERROR] Failed to load resource: the server responded with a status of 404 () @ https://prod-visitor.optemo.jp/v1/visitors/sites/initialis1/chat-setting?sessionId=77396209:0
[ 7419911ms] [ERROR] Failed to load resource: the server responded with a status of 404 () @ https://prod-visitor.optemo.jp/v1/visitors/sites/initialis1/chat-setting?sessionId=77396209:0
[ 7421945ms] [ERROR] Failed to load resource: the server responded with a status of 404 () @ https://prod-visitor.optemo.jp/v1/visitors/sites/initialis1/chat-setting?sessionId=77396209:0
[ 7425979ms] [ERROR] Failed to load resource: the server responded with a status of 404 () @ https://prod-visitor.optemo.jp/v1/visitors/sites/initialis1/chat-setting?sessionId=77396209:0
[ 7486012ms] [ERROR] Failed to load resource: the server responded with a status of 404 () @ https://prod-visitor.optemo.jp/v1/visitors/sites/initialis1/chat-setting?sessionId=77396209:0
[ 7487050ms] [ERROR] Failed to load resource: the server responded with a status of 404 () @ https://prod-visitor.optemo.jp/v1/visitors/sites/initialis1/chat-setting?sessionId=77396209:0
[ 7489080ms] [ERROR] Failed to load resource: the server responded with a status of 404 () @ https://prod-visitor.optemo.jp/v1/visitors/sites/initialis1/chat-setting?sessionId=77396209:0
[ 7493108ms] [ERROR] Failed to load resource: the server responded with a status of 404 () @ https://prod-visitor.optemo.jp/v1/visitors/sites/initialis1/chat-setting?sessionId=77396209:0
[ 7553141ms] [ERROR] Failed to load resource: the server responded with a status of 404 () @ https://prod-visitor.optemo.jp/v1/visitors/sites/initialis1/chat-setting?sessionId=77396209:0
[ 7554169ms] [ERROR] Failed to load resource: the server responded with a status of 404 () @ https://prod-visitor.optemo.jp/v1/visitors/sites/initialis1/chat-setting?sessionId=77396209:0
[ 7556203ms] [ERROR] Failed to load resource: the server responded with a status of 404 () @ https://prod-visitor.optemo.jp/v1/visitors/sites/initialis1/chat-setting?sessionId=77396209:0
[ 7560241ms] [ERROR] Failed to load resource: the server responded with a status of 404 () @ https://prod-visitor.optemo.jp/v1/visitors/sites/initialis1/chat-setting?sessionId=77396209:0
[ 7620273ms] [ERROR] Failed to load resource: the server responded with a status of 404 () @ https://prod-visitor.optemo.jp/v1/visitors/sites/initialis1/chat-setting?sessionId=77396209:0
[ 7621302ms] [ERROR] Failed to load resource: the server responded with a status of 404 () @ https://prod-visitor.optemo.jp/v1/visitors/sites/initialis1/chat-setting?sessionId=77396209:0
[ 7623336ms] [ERROR] Failed to load resource: the server responded with a status of 404 () @ https://prod-visitor.optemo.jp/v1/visitors/sites/initialis1/chat-setting?sessionId=77396209:0
[ 7627367ms] [ERROR] Failed to load resource: the server responded with a status of 404 () @ https://prod-visitor.optemo.jp/v1/visitors/sites/initialis1/chat-setting?sessionId=77396209:0
[ 7687400ms] [ERROR] Failed to load resource: the server responded with a status of 404 () @ https://prod-visitor.optemo.jp/v1/visitors/sites/initialis1/chat-setting?sessionId=77396209:0
[ 7688429ms] [ERROR] Failed to load resource: the server responded with a status of 404 () @ https://prod-visitor.optemo.jp/v1/visitors/sites/initialis1/chat-setting?sessionId=77396209:0
[ 7690465ms] [ERROR] Failed to load resource: the server responded with a status of 404 () @ https://prod-visitor.optemo.jp/v1/visitors/sites/initialis1/chat-setting?sessionId=77396209:0
[ 7694502ms] [ERROR] Failed to load resource: the server responded with a status of 404 () @ https://prod-visitor.optemo.jp/v1/visitors/sites/initialis1/chat-setting?sessionId=77396209:0
[ 7754533ms] [ERROR] Failed to load resource: the server responded with a status of 404 () @ https://prod-visitor.optemo.jp/v1/visitors/sites/initialis1/chat-setting?sessionId=77396209:0
[ 7755564ms] [ERROR] Failed to load resource: the server responded with a status of 404 () @ https://prod-visitor.optemo.jp/v1/visitors/sites/initialis1/chat-setting?sessionId=77396209:0
[ 7757600ms] [ERROR] Failed to load resource: the server responded with a status of 404 () @ https://prod-visitor.optemo.jp/v1/visitors/sites/initialis1/chat-setting?sessionId=77396209:0
[ 7761632ms] [ERROR] Failed to load resource: the server responded with a status of 404 () @ https://prod-visitor.optemo.jp/v1/visitors/sites/initialis1/chat-setting?sessionId=77396209:0
[ 7821670ms] [ERROR] Failed to load resource: the server responded with a status of 404 () @ https://prod-visitor.optemo.jp/v1/visitors/sites/initialis1/chat-setting?sessionId=77396209:0
[ 7822705ms] [ERROR] Failed to load resource: the server responded with a status of 404 () @ https://prod-visitor.optemo.jp/v1/visitors/sites/initialis1/chat-setting?sessionId=77396209:0
[ 7824732ms] [ERROR] Failed to load resource: the server responded with a status of 404 () @ https://prod-visitor.optemo.jp/v1/visitors/sites/initialis1/chat-setting?sessionId=77396209:0
[ 7828764ms] [ERROR] Failed to load resource: the server responded with a status of 404 () @ https://prod-visitor.optemo.jp/v1/visitors/sites/initialis1/chat-setting?sessionId=77396209:0
[ 7888804ms] [ERROR] Failed to load resource: the server responded with a status of 404 () @ https://prod-visitor.optemo.jp/v1/visitors/sites/initialis1/chat-setting?sessionId=77396209:0
[ 7889838ms] [ERROR] Failed to load resource: the server responded with a status of 404 () @ https://prod-visitor.optemo.jp/v1/visitors/sites/initialis1/chat-setting?sessionId=77396209:0
[ 7891877ms] [ERROR] Failed to load resource: the server responded with a status of 404 () @ https://prod-visitor.optemo.jp/v1/visitors/sites/initialis1/chat-setting?sessionId=77396209:0
[ 7895916ms] [ERROR] Failed to load resource: the server responded with a status of 404 () @ https://prod-visitor.optemo.jp/v1/visitors/sites/initialis1/chat-setting?sessionId=77396209:0
[ 7955944ms] [ERROR] Failed to load resource: the server responded with a status of 404 () @ https://prod-visitor.optemo.jp/v1/visitors/sites/initialis1/chat-setting?sessionId=77396209:0
[ 7956970ms] [ERROR] Failed to load resource: the server responded with a status of 404 () @ https://prod-visitor.optemo.jp/v1/visitors/sites/initialis1/chat-setting?sessionId=77396209:0
[ 7958995ms] [ERROR] Failed to load resource: the server responded with a status of 404 () @ https://prod-visitor.optemo.jp/v1/visitors/sites/initialis1/chat-setting?sessionId=77396209:0
[ 7963031ms] [ERROR] Failed to load resource: the server responded with a status of 404 () @ https://prod-visitor.optemo.jp/v1/visitors/sites/initialis1/chat-setting?sessionId=77396209:0
[ 8023061ms] [ERROR] Failed to load resource: the server responded with a status of 404 () @ https://prod-visitor.optemo.jp/v1/visitors/sites/initialis1/chat-setting?sessionId=77396209:0
[ 8024092ms] [ERROR] Failed to load resource: the server responded with a status of 404 () @ https://prod-visitor.optemo.jp/v1/visitors/sites/initialis1/chat-setting?sessionId=77396209:0
[ 8026118ms] [ERROR] Failed to load resource: the server responded with a status of 404 () @ https://prod-visitor.optemo.jp/v1/visitors/sites/initialis1/chat-setting?sessionId=77396209:0
[ 8030153ms] [ERROR] Failed to load resource: the server responded with a status of 404 () @ https://prod-visitor.optemo.jp/v1/visitors/sites/initialis1/chat-setting?sessionId=77396209:0
[ 8090180ms] [ERROR] Failed to load resource: the server responded with a status of 404 () @ https://prod-visitor.optemo.jp/v1/visitors/sites/initialis1/chat-setting?sessionId=77396209:0
[ 8091216ms] [ERROR] Failed to load resource: the server responded with a status of 404 () @ https://prod-visitor.optemo.jp/v1/visitors/sites/initialis1/chat-setting?sessionId=77396209:0
[ 8093248ms] [ERROR] Failed to load resource: the server responded with a status of 404 () @ https://prod-visitor.optemo.jp/v1/visitors/sites/initialis1/chat-setting?sessionId=77396209:0
[ 8097278ms] [ERROR] Failed to load resource: the server responded with a status of 404 () @ https://prod-visitor.optemo.jp/v1/visitors/sites/initialis1/chat-setting?sessionId=77396209:0
[ 8157310ms] [ERROR] Failed to load resource: the server responded with a status of 404 () @ https://prod-visitor.optemo.jp/v1/visitors/sites/initialis1/chat-setting?sessionId=77396209:0
[ 8158340ms] [ERROR] Failed to load resource: the server responded with a status of 404 () @ https://prod-visitor.optemo.jp/v1/visitors/sites/initialis1/chat-setting?sessionId=77396209:0
[ 8160367ms] [ERROR] Failed to load resource: the server responded with a status of 404 () @ https://prod-visitor.optemo.jp/v1/visitors/sites/initialis1/chat-setting?sessionId=77396209:0
[ 8164393ms] [ERROR] Failed to load resource: the server responded with a status of 404 () @ https://prod-visitor.optemo.jp/v1/visitors/sites/initialis1/chat-setting?sessionId=77396209:0
[ 8224418ms] [ERROR] Failed to load resource: the server responded with a status of 404 () @ https://prod-visitor.optemo.jp/v1/visitors/sites/initialis1/chat-setting?sessionId=77396209:0
[ 8225444ms] [ERROR] Failed to load resource: the server responded with a status of 404 () @ https://prod-visitor.optemo.jp/v1/visitors/sites/initialis1/chat-setting?sessionId=77396209:0
[ 8227470ms] [ERROR] Failed to load resource: the server responded with a status of 404 () @ https://prod-visitor.optemo.jp/v1/visitors/sites/initialis1/chat-setting?sessionId=77396209:0
[ 8231500ms] [ERROR] Failed to load resource: the server responded with a status of 404 () @ https://prod-visitor.optemo.jp/v1/visitors/sites/initialis1/chat-setting?sessionId=77396209:0
[ 8291530ms] [ERROR] Failed to load resource: the server responded with a status of 404 () @ https://prod-visitor.optemo.jp/v1/visitors/sites/initialis1/chat-setting?sessionId=77396209:0
[ 8292560ms] [ERROR] Failed to load resource: the server responded with a status of 404 () @ https://prod-visitor.optemo.jp/v1/visitors/sites/initialis1/chat-setting?sessionId=77396209:0
[ 8294590ms] [ERROR] Failed to load resource: the server responded with a status of 404 () @ https://prod-visitor.optemo.jp/v1/visitors/sites/initialis1/chat-setting?sessionId=77396209:0
[ 8298616ms] [ERROR] Failed to load resource: the server responded with a status of 404 () @ https://prod-visitor.optemo.jp/v1/visitors/sites/initialis1/chat-setting?sessionId=77396209:0
[ 8358641ms] [ERROR] Failed to load resource: the server responded with a status of 404 () @ https://prod-visitor.optemo.jp/v1/visitors/sites/initialis1/chat-setting?sessionId=77396209:0
[ 8359669ms] [ERROR] Failed to load resource: the server responded with a status of 404 () @ https://prod-visitor.optemo.jp/v1/visitors/sites/initialis1/chat-setting?sessionId=77396209:0
[ 8361697ms] [ERROR] Failed to load resource: the server responded with a status of 404 () @ https://prod-visitor.optemo.jp/v1/visitors/sites/initialis1/chat-setting?sessionId=77396209:0
[ 8365726ms] [ERROR] Failed to load resource: the server responded with a status of 404 () @ https://prod-visitor.optemo.jp/v1/visitors/sites/initialis1/chat-setting?sessionId=77396209:0
[ 8425753ms] [ERROR] Failed to load resource: the server responded with a status of 404 () @ https://prod-visitor.optemo.jp/v1/visitors/sites/initialis1/chat-setting?sessionId=77396209:0
[ 8426782ms] [ERROR] Failed to load resource: the server responded with a status of 404 () @ https://prod-visitor.optemo.jp/v1/visitors/sites/initialis1/chat-setting?sessionId=77396209:0
[ 8428808ms] [ERROR] Failed to load resource: the server responded with a status of 404 () @ https://prod-visitor.optemo.jp/v1/visitors/sites/initialis1/chat-setting?sessionId=77396209:0
[ 8431292ms] [WARNING] [Meta Pixel] - Duplicate Pixel ID: 257595841589583. @ https://connect.facebook.net/en_US/fbevents.js:175
[ 8431808ms] [ERROR] Failed to load resource: the server responded with a status of 404 () @ https://prod-visitor.optemo.jp/v1/visitors/sites/initialis1/webrtc-config?sessionId=77396209:0
[ 8431860ms] [ERROR] Failed to load resource: the server responded with a status of 404 () @ https://prod-visitor.optemo.jp/v1/visitors/sites/initialis1/chat-pop-setting?sessionId=77396209:0
[ 8431861ms] [ERROR] Failed to load resource: the server responded with a status of 404 () @ https://prod-visitor.optemo.jp/v1/visitors/sites/initialis1/chat-setting?sessionId=77396209:0
[ 8431861ms] [ERROR] Failed to load resource: the server responded with a status of 404 () @ https://prod-visitor.optemo.jp/v1/visitors/forms/initialis1/form-agreements?sessionId=77396209:0
[ 8435362ms] [WARNING] [Meta Pixel] - Duplicate Pixel ID: 257595841589583. @ https://connect.facebook.net/en_US/fbevents.js:175
[ 8435474ms] [ERROR] Attestation check for Attribution Reporting on https://www.facebook.com failed. @ https://jp.ub-speeda.com/:0
[ 8435985ms] [WARNING] [Meta Pixel] - Duplicate Pixel ID: 257595841589583. @ https://connect.facebook.net/en_US/fbevents.js:175
[ 8436546ms] [WARNING] [Meta Pixel] - Duplicate Pixel ID: 257595841589583. @ https://connect.facebook.net/en_US/fbevents.js:175
[ 8436728ms] [ERROR] Attestation check for Attribution Reporting on https://www.facebook.com failed. @ https://jp.ub-speeda.com/:0
[12199582ms] [ERROR] Failed to load resource: the server responded with a status of 404 () @ https://prod-visitor.optemo.jp/v1/visitors/sites/initialis1/chat-setting?sessionId=77406753:0
[12200612ms] [ERROR] Failed to load resource: the server responded with a status of 404 () @ https://prod-visitor.optemo.jp/v1/visitors/sites/initialis1/chat-setting?sessionId=77406753:0
[12202637ms] [ERROR] Failed to load resource: the server responded with a status of 404 () @ https://prod-visitor.optemo.jp/v1/visitors/sites/initialis1/chat-setting?sessionId=77406753:0
[12206663ms] [ERROR] Failed to load resource: the server responded with a status of 404 () @ https://prod-visitor.optemo.jp/v1/visitors/sites/initialis1/chat-setting?sessionId=77406753:0
[12266693ms] [ERROR] Failed to load resource: the server responded with a status of 404 () @ https://prod-visitor.optemo.jp/v1/visitors/sites/initialis1/chat-setting?sessionId=77406753:0
[12267721ms] [ERROR] Failed to load resource: the server responded with a status of 404 () @ https://prod-visitor.optemo.jp/v1/visitors/sites/initialis1/chat-setting?sessionId=77406753:0
[12269747ms] [ERROR] Failed to load resource: the server responded with a status of 404 () @ https://prod-visitor.optemo.jp/v1/visitors/sites/initialis1/chat-setting?sessionId=77406753:0
[12273775ms] [ERROR] Failed to load resource: the server responded with a status of 404 () @ https://prod-visitor.optemo.jp/v1/visitors/sites/initialis1/chat-setting?sessionId=77406753:0
[12333804ms] [ERROR] Failed to load resource: the server responded with a status of 404 () @ https://prod-visitor.optemo.jp/v1/visitors/sites/initialis1/chat-setting?sessionId=77406753:0
[12334829ms] [ERROR] Failed to load resource: the server responded with a status of 404 () @ https://prod-visitor.optemo.jp/v1/visitors/sites/initialis1/chat-setting?sessionId=77406753:0
[12336861ms] [ERROR] Failed to load resource: the server responded with a status of 404 () @ https://prod-visitor.optemo.jp/v1/visitors/sites/initialis1/chat-setting?sessionId=77406753:0
[12340888ms] [ERROR] Failed to load resource: the server responded with a status of 404 () @ https://prod-visitor.optemo.jp/v1/visitors/sites/initialis1/chat-setting?sessionId=77406753:0
[12400917ms] [ERROR] Failed to load resource: the server responded with a status of 404 () @ https://prod-visitor.optemo.jp/v1/visitors/sites/initialis1/chat-setting?sessionId=77406753:0
[12401945ms] [ERROR] Failed to load resource: the server responded with a status of 404 () @ https://prod-visitor.optemo.jp/v1/visitors/sites/initialis1/chat-setting?sessionId=77406753:0
[12403975ms] [ERROR] Failed to load resource: the server responded with a status of 404 () @ https://prod-visitor.optemo.jp/v1/visitors/sites/initialis1/chat-setting?sessionId=77406753:0
[12408000ms] [ERROR] Failed to load resource: the server responded with a status of 404 () @ https://prod-visitor.optemo.jp/v1/visitors/sites/initialis1/chat-setting?sessionId=77406753:0
[12468028ms] [ERROR] Failed to load resource: the server responded with a status of 404 () @ https://prod-visitor.optemo.jp/v1/visitors/sites/initialis1/chat-setting?sessionId=77406753:0
[12469057ms] [ERROR] Failed to load resource: the server responded with a status of 404 () @ https://prod-visitor.optemo.jp/v1/visitors/sites/initialis1/chat-setting?sessionId=77406753:0
[12471084ms] [ERROR] Failed to load resource: the server responded with a status of 404 () @ https://prod-visitor.optemo.jp/v1/visitors/sites/initialis1/chat-setting?sessionId=77406753:0
[12475121ms] [ERROR] Failed to load resource: the server responded with a status of 404 () @ https://prod-visitor.optemo.jp/v1/visitors/sites/initialis1/chat-setting?sessionId=77406753:0
[12535171ms] [ERROR] Failed to load resource: the server responded with a status of 404 () @ https://prod-visitor.optemo.jp/v1/visitors/sites/initialis1/chat-setting?sessionId=77406753:0
[12536202ms] [ERROR] Failed to load resource: the server responded with a status of 404 () @ https://prod-visitor.optemo.jp/v1/visitors/sites/initialis1/chat-setting?sessionId=77406753:0
[12538234ms] [ERROR] Failed to load resource: the server responded with a status of 404 () @ https://prod-visitor.optemo.jp/v1/visitors/sites/initialis1/chat-setting?sessionId=77406753:0
[12542261ms] [ERROR] Failed to load resource: the server responded with a status of 404 () @ https://prod-visitor.optemo.jp/v1/visitors/sites/initialis1/chat-setting?sessionId=77406753:0
[12602292ms] [ERROR] Failed to load resource: the server responded with a status of 404 () @ https://prod-visitor.optemo.jp/v1/visitors/sites/initialis1/chat-setting?sessionId=77406753:0
[12603316ms] [ERROR] Failed to load resource: the server responded with a status of 404 () @ https://prod-visitor.optemo.jp/v1/visitors/sites/initialis1/chat-setting?sessionId=77406753:0
[12605347ms] [ERROR] Failed to load resource: the server responded with a status of 404 () @ https://prod-visitor.optemo.jp/v1/visitors/sites/initialis1/chat-setting?sessionId=77406753:0
[12609376ms] [ERROR] Failed to load resource: the server responded with a status of 404 () @ https://prod-visitor.optemo.jp/v1/visitors/sites/initialis1/chat-setting?sessionId=77406753:0
[12669407ms] [ERROR] Failed to load resource: the server responded with a status of 404 () @ https://prod-visitor.optemo.jp/v1/visitors/sites/initialis1/chat-setting?sessionId=77406753:0
[12670435ms] [ERROR] Failed to load resource: the server responded with a status of 404 () @ https://prod-visitor.optemo.jp/v1/visitors/sites/initialis1/chat-setting?sessionId=77406753:0
[12672464ms] [ERROR] Failed to load resource: the server responded with a status of 404 () @ https://prod-visitor.optemo.jp/v1/visitors/sites/initialis1/chat-setting?sessionId=77406753:0
[12676494ms] [ERROR] Failed to load resource: the server responded with a status of 404 () @ https://prod-visitor.optemo.jp/v1/visitors/sites/initialis1/chat-setting?sessionId=77406753:0
[12736521ms] [ERROR] Failed to load resource: the server responded with a status of 404 () @ https://prod-visitor.optemo.jp/v1/visitors/sites/initialis1/chat-setting?sessionId=77406753:0
[12737547ms] [ERROR] Failed to load resource: the server responded with a status of 404 () @ https://prod-visitor.optemo.jp/v1/visitors/sites/initialis1/chat-setting?sessionId=77406753:0
[12739572ms] [ERROR] Failed to load resource: the server responded with a status of 404 () @ https://prod-visitor.optemo.jp/v1/visitors/sites/initialis1/chat-setting?sessionId=77406753:0
[12743600ms] [ERROR] Failed to load resource: the server responded with a status of 404 () @ https://prod-visitor.optemo.jp/v1/visitors/sites/initialis1/chat-setting?sessionId=77406753:0
[12803627ms] [ERROR] Failed to load resource: the server responded with a status of 404 () @ https://prod-visitor.optemo.jp/v1/visitors/sites/initialis1/chat-setting?sessionId=77406753:0
[12804655ms] [ERROR] Failed to load resource: the server responded with a status of 404 () @ https://prod-visitor.optemo.jp/v1/visitors/sites/initialis1/chat-setting?sessionId=77406753:0
[12806682ms] [ERROR] Failed to load resource: the server responded with a status of 404 () @ https://prod-visitor.optemo.jp/v1/visitors/sites/initialis1/chat-setting?sessionId=77406753:0
[12810709ms] [ERROR] Failed to load resource: the server responded with a status of 404 () @ https://prod-visitor.optemo.jp/v1/visitors/sites/initialis1/chat-setting?sessionId=77406753:0
[12870743ms] [ERROR] Failed to load resource: the server responded with a status of 404 () @ https://prod-visitor.optemo.jp/v1/visitors/sites/initialis1/chat-setting?sessionId=77406753:0
[12871775ms] [ERROR] Failed to load resource: the server responded with a status of 404 () @ https://prod-visitor.optemo.jp/v1/visitors/sites/initialis1/chat-setting?sessionId=77406753:0
[12873803ms] [ERROR] Failed to load resource: the server responded with a status of 404 () @ https://prod-visitor.optemo.jp/v1/visitors/sites/initialis1/chat-setting?sessionId=77406753:0
[12877830ms] [ERROR] Failed to load resource: the server responded with a status of 404 () @ https://prod-visitor.optemo.jp/v1/visitors/sites/initialis1/chat-setting?sessionId=77406753:0
