[     264ms] ReferenceError: SmartnewsAds is not defined
    at <anonymous>:1:1
    at https://www.googletagmanager.com/gtm.js?id=GTM-52V9836:946:429
    at https://www.googletagmanager.com/gtm.js?id=GTM-52V9836:947:132
    at vR (https://www.googletagmanager.com/gtm.js?id=GTM-52V9836:948:31)
    at Ld.uR (https://www.googletagmanager.com/gtm.js?id=GTM-52V9836:945:92)
    at Ld.<anonymous> (https://www.googletagmanager.com/gtm.js?id=GTM-52V9836:336:187)
    at k.apply (https://www.googletagmanager.com/gtm.js?id=GTM-52V9836:261:466)
    at hb (https://www.googletagmanager.com/gtm.js?id=GTM-52V9836:225:719)
    at gb (https://www.googletagmanager.com/gtm.js?id=GTM-52V9836:225:470)
    at Ld.<anonymous> (https://www.googletagmanager.com/gtm.js?id=GTM-52V9836:285:473)
[     265ms] Uncaught [object Object]
    at error (https://www.googletagmanager.com/gtm.js?id=GTM-52V9836:187:503)
    at c.l.onerror (https://www.googletagmanager.com/gtm.js?id=GTM-52V9836:196:160)
    at <anonymous> (https://www.googletagmanager.com/gtm.js?id=GTM-52V9836:945:428)
    at <anonymous> (https://www.googletagmanager.com/gtm.js?id=GTM-52V9836:946:131)
    at vR (https://www.googletagmanager.com/gtm.js?id=GTM-52V9836:947:30)
    at uR (https://www.googletagmanager.com/gtm.js?id=GTM-52V9836:944:91)
    at <anonymous> (https://www.googletagmanager.com/gtm.js?id=GTM-52V9836:335:186)
    at k.apply (https://www.googletagmanager.com/gtm.js?id=GTM-52V9836:260:465)
    at hb (https://www.googletagmanager.com/gtm.js?id=GTM-52V9836:224:718)
    at gb (https://www.googletagmanager.com/gtm.js?id=GTM-52V9836:224:469)
    at <anonymous> (https://www.googletagmanager.com/gtm.js?id=GTM-52V9836:284:472)
    at k.apply (https://www.googletagmanager.com/gtm.js?id=GTM-52V9836:260:465)
    at hb (https://www.googletagmanager.com/gtm.js?id=GTM-52V9836:224:718)
    at k.Bq (https://www.googletagmanager.com/gtm.js?id=GTM-52V9836:224:1285)
    at rf (https://www.googletagmanager.com/gtm.js?id=GTM-52V9836:295:959)
    at <anonymous> (https://www.googletagmanager.com/gtm.js?id=GTM-52V9836:785:314)
    at Ag (https://www.googletagmanager.com/gtm.js?id=GTM-52V9836:317:12)
    at e (https://www.googletagmanager.com/gtm.js?id=GTM-52V9836:724:317)
    at <anonymous> (https://www.googletagmanager.com/gtm.js?id=GTM-52V9836:229:124)
    at <anonymous> (https://www.googletagmanager.com/gtm.js?id=GTM-52V9836:726:60)
    at <anonymous> (https://www.googletagmanager.com/gtm.js?id=GTM-52V9836:725:258)
    at iB (https://www.googletagmanager.com/gtm.js?id=GTM-52V9836:726:520)
    at mB (https://www.googletagmanager.com/gtm.js?id=GTM-52V9836:731:43)
    at FC (https://www.googletagmanager.com/gtm.js?id=GTM-52V9836:759:326)
    at HC (https://www.googletagmanager.com/gtm.js?id=GTM-52V9836:760:232)
[     265ms] ReferenceError: d2c is not defined
    at <anonymous>:1:1
    at https://www.googletagmanager.com/gtm.js?id=GTM-52V9836:946:429
    at vR (https://www.googletagmanager.com/gtm.js?id=GTM-52V9836:948:31)
    at Ld.uR (https://www.googletagmanager.com/gtm.js?id=GTM-52V9836:945:92)
    at Ld.<anonymous> (https://www.googletagmanager.com/gtm.js?id=GTM-52V9836:336:187)
    at k.apply (https://www.googletagmanager.com/gtm.js?id=GTM-52V9836:261:466)
    at hb (https://www.googletagmanager.com/gtm.js?id=GTM-52V9836:225:719)
    at gb (https://www.googletagmanager.com/gtm.js?id=GTM-52V9836:225:470)
    at Ld.<anonymous> (https://www.googletagmanager.com/gtm.js?id=GTM-52V9836:285:473)
    at k.apply (https://www.googletagmanager.com/gtm.js?id=GTM-52V9836:261:466)
[     266ms] Uncaught [object Object]
    at error (https://www.googletagmanager.com/gtm.js?id=GTM-52V9836:187:503)
    at c.l.onerror (https://www.googletagmanager.com/gtm.js?id=GTM-52V9836:196:160)
    at <anonymous> (https://www.googletagmanager.com/gtm.js?id=GTM-52V9836:945:428)
    at vR (https://www.googletagmanager.com/gtm.js?id=GTM-52V9836:947:30)
    at uR (https://www.googletagmanager.com/gtm.js?id=GTM-52V9836:944:91)
    at <anonymous> (https://www.googletagmanager.com/gtm.js?id=GTM-52V9836:335:186)
    at k.apply (https://www.googletagmanager.com/gtm.js?id=GTM-52V9836:260:465)
    at hb (https://www.googletagmanager.com/gtm.js?id=GTM-52V9836:224:718)
    at gb (https://www.googletagmanager.com/gtm.js?id=GTM-52V9836:224:469)
    at <anonymous> (https://www.googletagmanager.com/gtm.js?id=GTM-52V9836:284:472)
    at k.apply (https://www.googletagmanager.com/gtm.js?id=GTM-52V9836:260:465)
    at hb (https://www.googletagmanager.com/gtm.js?id=GTM-52V9836:224:718)
    at k.Bq (https://www.googletagmanager.com/gtm.js?id=GTM-52V9836:224:1285)
    at rf (https://www.googletagmanager.com/gtm.js?id=GTM-52V9836:295:959)
    at <anonymous> (https://www.googletagmanager.com/gtm.js?id=GTM-52V9836:785:314)
    at Ag (https://www.googletagmanager.com/gtm.js?id=GTM-52V9836:317:12)
    at e (https://www.googletagmanager.com/gtm.js?id=GTM-52V9836:724:317)
    at <anonymous> (https://www.googletagmanager.com/gtm.js?id=GTM-52V9836:229:124)
    at <anonymous> (https://www.googletagmanager.com/gtm.js?id=GTM-52V9836:726:60)
    at <anonymous> (https://www.googletagmanager.com/gtm.js?id=GTM-52V9836:725:258)
    at iB (https://www.googletagmanager.com/gtm.js?id=GTM-52V9836:726:520)
    at mB (https://www.googletagmanager.com/gtm.js?id=GTM-52V9836:731:43)
    at FC (https://www.googletagmanager.com/gtm.js?id=GTM-52V9836:759:326)
    at HC (https://www.googletagmanager.com/gtm.js?id=GTM-52V9836:760:232)
[     694ms] [WARNING] [Meta Pixel] - Duplicate Pixel ID: 465329601832605. @ https://connect.facebook.net/en_US/fbevents.js:175
[     872ms] [ERROR] Attestation check for Attribution Reporting on https://www.facebook.com failed. @ https://www.curves.co.jp/ouchi/:0
[   32952ms] TypeError: e.indexOf is not a function
    at ce.fn.load (https://health.docomo.ne.jp/concrete/js/jquery.js?ccm_nocache=d2d1d4dc4585264de3d9232eb153a85ab88fb066:2:82864)
    at https://health.docomo.ne.jp/packages/dhp/themes/dhp/js/common.js:255:13
    at https://health.docomo.ne.jp/packages/dhp/themes/dhp/js/common.js:643:2
